TN:
SF:/home/dakk/Repositories/MyRepos/Helperbit/frontend/app/app.component.ts
FNF:0
FNH:0
DA:21,1
LF:1
LH:1
BRF:0
BRH:0
end_of_record
TN:
SF:/home/dakk/Repositories/MyRepos/Helperbit/frontend/app/app.module.ts
FN:37,HttpLoaderFactory
FN:129,(anonymous_1)
FNF:2
FNH:0
FNDA:0,HttpLoaderFactory
FNDA:0,(anonymous_1)
DA:38,0
DA:128,1
LF:2
LH:1
BRF:0
BRH:0
end_of_record
TN:
SF:/home/dakk/Repositories/MyRepos/Helperbit/frontend/app/app.routing.ts
FN:13,(anonymous_0)
FN:13,(anonymous_1)
FN:19,(anonymous_2)
FN:19,(anonymous_3)
FN:25,(anonymous_4)
FN:25,(anonymous_5)
FN:31,(anonymous_6)
FN:31,(anonymous_7)
FN:37,(anonymous_8)
FN:37,(anonymous_9)
FN:43,(anonymous_10)
FN:43,(anonymous_11)
FN:49,(anonymous_12)
FN:49,(anonymous_13)
FN:55,(anonymous_14)
FN:55,(anonymous_15)
FN:61,(anonymous_16)
FN:61,(anonymous_17)
FN:67,(anonymous_18)
FN:67,(anonymous_19)
FN:73,(anonymous_20)
FN:73,(anonymous_21)
FN:79,(anonymous_22)
FN:79,(anonymous_23)
FN:85,(anonymous_24)
FN:85,(anonymous_25)
FN:187,(anonymous_26)
FN:193,(anonymous_27)
FNF:28
FNH:1
FNDA:0,(anonymous_0)
FNDA:0,(anonymous_1)
FNDA:0,(anonymous_2)
FNDA:0,(anonymous_3)
FNDA:0,(anonymous_4)
FNDA:0,(anonymous_5)
FNDA:0,(anonymous_6)
FNDA:0,(anonymous_7)
FNDA:0,(anonymous_8)
FNDA:0,(anonymous_9)
FNDA:0,(anonymous_10)
FNDA:0,(anonymous_11)
FNDA:0,(anonymous_12)
FNDA:0,(anonymous_13)
FNDA:0,(anonymous_14)
FNDA:0,(anonymous_15)
FNDA:0,(anonymous_16)
FNDA:0,(anonymous_17)
FNDA:0,(anonymous_18)
FNDA:0,(anonymous_19)
FNDA:0,(anonymous_20)
FNDA:0,(anonymous_21)
FNDA:0,(anonymous_22)
FNDA:0,(anonymous_23)
FNDA:0,(anonymous_24)
FNDA:0,(anonymous_25)
FNDA:6,(anonymous_26)
FNDA:0,(anonymous_27)
DA:6,1
DA:13,0
DA:19,0
DA:25,0
DA:31,0
DA:37,0
DA:43,0
DA:49,0
DA:55,0
DA:61,0
DA:67,0
DA:73,0
DA:79,0
DA:85,0
DA:186,1
DA:193,6
DA:194,0
DA:195,0
LF:18
LH:3
BRDA:194,0,0,0
BRDA:194,0,1,0
BRF:2
BRH:0
end_of_record
TN:
SF:/home/dakk/Repositories/MyRepos/Helperbit/frontend/app/app.settings.ts
FN:111,(anonymous_0)
FN:114,(anonymous_1)
FN:117,(anonymous_2)
FN:118,(anonymous_3)
FN:267,(anonymous_4)
FN:271,(anonymous_5)
FNF:6
FNH:2
FNDA:0,(anonymous_0)
FNDA:0,(anonymous_1)
FNDA:0,(anonymous_2)
FNDA:0,(anonymous_3)
FNDA:7,(anonymous_4)
FNDA:6,(anonymous_5)
DA:2,1
DA:4,1
DA:15,1
DA:29,1
DA:30,1
DA:31,1
DA:34,1
DA:35,1
DA:36,1
DA:37,1
DA:40,1
DA:41,1
DA:44,1
DA:58,1
DA:62,1
DA:64,1
DA:73,1
DA:97,1
DA:111,0
DA:114,0
DA:117,0
DA:118,0
DA:124,1
DA:267,7
DA:271,6
DA:276,1
DA:303,1
LF:27
LH:23
BRDA:30,0,0,1
BRDA:30,0,1,0
BRDA:35,1,0,0
BRDA:35,1,1,1
BRF:4
BRH:2
end_of_record
TN:
SF:/home/dakk/Repositories/MyRepos/Helperbit/frontend/app/auth.interceptor.ts
FN:14,(anonymous_0)
FN:20,(anonymous_1)
FN:36,(anonymous_2)
FN:38,(anonymous_3)
FNF:4
FNH:0
FNDA:0,(anonymous_0)
FNDA:0,(anonymous_1)
FNDA:0,(anonymous_2)
FNDA:0,(anonymous_3)
DA:12,0
DA:15,0
DA:16,0
DA:17,0
DA:25,0
DA:26,0
DA:27,0
DA:28,0
DA:29,0
DA:30,0
DA:31,0
DA:33,0
DA:34,0
DA:39,0
DA:40,0
DA:42,0
DA:43,0
DA:44,0
DA:45,0
DA:46,0
DA:47,0
DA:49,0
DA:50,0
LF:23
LH:0
BRDA:26,0,0,0
BRDA:26,0,1,0
BRDA:28,1,0,0
BRDA:28,1,1,0
BRDA:30,2,0,0
BRDA:30,2,1,0
BRDA:39,3,0,0
BRDA:39,3,1,0
BRDA:41,4,0,0
BRDA:41,4,1,0
BRF:10
BRH:0
end_of_record
TN:
SF:/home/dakk/Repositories/MyRepos/Helperbit/frontend/app/config.js
FNF:0
FNH:0
DA:1,1
DA:42,1
LF:2
LH:2
BRF:0
BRH:0
end_of_record
TN:
SF:/home/dakk/Repositories/MyRepos/Helperbit/frontend/app/polyfills.ts
FNF:0
FNH:0
DA:67,1
DA:69,1
DA:72,1
LF:3
LH:3
BRDA:69,0,0,1
BRDA:69,0,1,1
BRF:2
BRH:2
end_of_record
TN:
SF:/home/dakk/Repositories/MyRepos/Helperbit/frontend/app/test.ts
FN:23,(anonymous_0)
FNF:1
FNH:1
FNDA:1,(anonymous_0)
DA:23,1
DA:24,1
DA:27,1
DA:30,1
DA:35,1
DA:37,1
LF:6
LH:6
BRF:0
BRH:0
end_of_record
TN:
SF:/home/dakk/Repositories/MyRepos/Helperbit/frontend/app/components/about/about/about.ts
FN:12,(anonymous_0)
FN:14,(anonymous_1)
FN:18,(anonymous_2)
FNF:3
FNH:3
FNDA:5,(anonymous_0)
FNDA:1,(anonymous_1)
FNDA:4,(anonymous_2)
DA:9,1
DA:10,5
DA:12,5
DA:15,1
DA:19,4
DA:20,2
LF:6
LH:6
BRDA:19,0,0,2
BRDA:19,0,1,2
BRF:2
BRH:2
end_of_record
TN:
SF:/home/dakk/Repositories/MyRepos/Helperbit/frontend/app/components/about/about/sections/award.ts
FNF:0
FNH:0
DA:8,1
LF:1
LH:1
BRF:0
BRH:0
end_of_record
TN:
SF:/home/dakk/Repositories/MyRepos/Helperbit/frontend/app/components/about/about/sections/benefit.ts
FN:8,(anonymous_0)
FNF:1
FNH:1
FNDA:1,(anonymous_0)
DA:8,1
DA:9,1
LF:2
LH:2
BRF:0
BRH:0
end_of_record
TN:
SF:/home/dakk/Repositories/MyRepos/Helperbit/frontend/app/components/about/about/sections/contact.ts
FN:22,(anonymous_0)
FN:102,(anonymous_1)
FN:117,(anonymous_2)
FN:122,(anonymous_3)
FNF:4
FNH:1
FNDA:1,(anonymous_0)
FNDA:0,(anonymous_1)
FNDA:0,(anonymous_2)
FNDA:0,(anonymous_3)
DA:13,1
DA:23,1
DA:24,1
DA:26,1
DA:28,1
DA:44,1
DA:60,1
DA:68,1
DA:84,1
DA:99,1
DA:103,0
DA:105,0
DA:111,0
DA:112,0
DA:114,0
DA:115,0
DA:117,0
DA:118,0
DA:119,0
DA:124,0
LF:20
LH:10
BRDA:111,0,0,0
BRDA:111,0,1,0
BRDA:114,1,0,0
BRDA:114,1,1,0
BRF:4
BRH:0
end_of_record
TN:
SF:/home/dakk/Repositories/MyRepos/Helperbit/frontend/app/components/about/about/sections/partners.ts
FNF:0
FNH:0
DA:8,1
LF:1
LH:1
BRF:0
BRH:0
end_of_record
TN:
SF:/home/dakk/Repositories/MyRepos/Helperbit/frontend/app/components/about/about/sections/press.ts
FNF:0
FNH:0
DA:8,1
LF:1
LH:1
BRF:0
BRH:0
end_of_record
TN:
SF:/home/dakk/Repositories/MyRepos/Helperbit/frontend/app/components/about/about/sections/team.ts
FNF:0
FNH:0
DA:8,1
LF:1
LH:1
BRF:0
BRH:0
end_of_record
TN:
SF:/home/dakk/Repositories/MyRepos/Helperbit/frontend/app/components/about/about/sections/top.ts
FNF:0
FNH:0
DA:8,1
LF:1
LH:1
BRF:0
BRH:0
end_of_record
TN:
SF:/home/dakk/Repositories/MyRepos/Helperbit/frontend/app/components/about/about/sections/whyhelperbit.ts
FNF:0
FNH:0
DA:8,1
LF:1
LH:1
BRF:0
BRH:0
end_of_record
TN:
SF:/home/dakk/Repositories/MyRepos/Helperbit/frontend/app/components/about/about/sections/whysignup.ts
FNF:0
FNH:0
DA:8,1
LF:1
LH:1
BRF:0
BRH:0
end_of_record
TN:
SF:/home/dakk/Repositories/MyRepos/Helperbit/frontend/app/components/about/cookie/cookie.ts
FN:13,(anonymous_0)
FNF:1
FNH:1
FNDA:3,(anonymous_0)
DA:10,1
DA:14,3
LF:2
LH:2
BRF:0
BRH:0
end_of_record
TN:
SF:/home/dakk/Repositories/MyRepos/Helperbit/frontend/app/components/about/faq/faq.ts
FNF:0
FNH:0
DA:8,1
LF:1
LH:1
BRF:0
BRH:0
end_of_record
TN:
SF:/home/dakk/Repositories/MyRepos/Helperbit/frontend/app/components/about/jobs/jobs.ts
FN:14,(anonymous_0)
FN:23,(anonymous_1)
FNF:2
FNH:2
FNDA:3,(anonymous_0)
FNDA:2,(anonymous_1)
DA:11,1
DA:14,3
DA:15,3
DA:24,2
LF:4
LH:4
BRF:0
BRH:0
end_of_record
TN:
SF:/home/dakk/Repositories/MyRepos/Helperbit/frontend/app/components/auth/login/login.ts
FN:48,(anonymous_0)
FN:60,(anonymous_1)
FN:124,(anonymous_2)
FN:128,(anonymous_3)
FN:140,(anonymous_4)
FN:204,(anonymous_5)
FN:217,(anonymous_6)
FN:230,(anonymous_7)
FN:233,(anonymous_8)
FN:235,(anonymous_9)
FN:240,(anonymous_10)
FN:272,(anonymous_11)
FN:275,(anonymous_12)
FNF:13
FNH:6
FNDA:6,(anonymous_0)
FNDA:5,(anonymous_1)
FNDA:0,(anonymous_2)
FNDA:3,(anonymous_3)
FNDA:1,(anonymous_4)
FNDA:0,(anonymous_5)
FNDA:2,(anonymous_6)
FNDA:0,(anonymous_7)
FNDA:0,(anonymous_8)
FNDA:0,(anonymous_9)
FNDA:5,(anonymous_10)
FNDA:0,(anonymous_11)
FNDA:0,(anonymous_12)
DA:22,1
DA:29,1
DA:30,6
DA:49,6
DA:50,6
DA:51,6
DA:52,6
DA:53,6
DA:54,6
DA:57,6
DA:61,5
DA:68,5
DA:91,5
DA:93,5
DA:110,5
DA:120,5
DA:121,0
DA:125,0
DA:129,3
DA:131,3
DA:137,3
DA:138,3
DA:140,3
DA:141,1
DA:142,1
DA:144,1
DA:145,1
DA:146,1
DA:147,1
DA:148,1
DA:150,1
DA:152,1
DA:159,1
DA:160,0
DA:161,0
DA:164,1
DA:167,1
DA:168,1
DA:169,0
DA:171,1
DA:172,0
DA:174,1
DA:176,1
DA:202,1
DA:204,0
DA:205,0
DA:206,0
DA:208,0
DA:210,0
DA:212,1
DA:213,1
DA:215,0
DA:218,2
DA:220,2
DA:221,2
DA:222,2
DA:223,2
DA:224,2
DA:225,2
DA:226,2
DA:231,0
DA:233,0
DA:234,0
DA:236,0
DA:241,5
DA:243,5
DA:244,0
DA:245,0
DA:247,0
DA:249,0
DA:250,0
DA:251,0
DA:253,0
DA:254,0
DA:256,0
DA:257,0
DA:258,0
DA:259,0
DA:260,0
DA:262,0
DA:269,0
DA:270,0
DA:271,5
DA:272,0
DA:273,0
DA:274,0
DA:276,0
LF:87
LH:51
BRDA:120,0,0,0
BRDA:120,0,1,5
BRDA:137,1,0,3
BRDA:137,1,1,0
BRDA:159,2,0,0
BRDA:159,2,1,1
BRDA:168,3,0,0
BRDA:168,3,1,1
BRDA:171,4,0,0
BRDA:171,4,1,1
BRDA:176,5,0,0
BRDA:176,5,1,1
BRDA:176,6,0,1
BRDA:176,6,1,1
BRDA:203,7,0,0
BRDA:203,7,1,1
BRDA:203,7,2,0
BRDA:205,8,0,0
BRDA:205,8,1,0
BRDA:243,9,0,0
BRDA:243,9,1,5
BRDA:243,10,0,5
BRDA:243,10,1,0
BRDA:244,11,0,0
BRDA:244,11,1,0
BRDA:271,12,0,0
BRDA:271,12,1,5
BRDA:271,13,0,5
BRDA:271,13,1,0
BRF:29
BRH:13
end_of_record
TN:
SF:/home/dakk/Repositories/MyRepos/Helperbit/frontend/app/components/dashboard/dashboard.module.ts
FN:431,(anonymous_0)
FNF:1
FNH:0
FNDA:0,(anonymous_0)
DA:430,1
LF:1
LH:1
BRF:0
BRH:0
end_of_record
TN:
SF:/home/dakk/Repositories/MyRepos/Helperbit/frontend/app/components/dashboard.wallet/bitcoin.service/bitcoin-helper.ts
FN:48,checkBitcoinAddress
FN:59,decryptKeys
FN:60,(anonymous_2)
FN:83,decryptBackup
FN:105,encryptKeys
FN:110,loadBackup
FN:111,(anonymous_6)
FN:117,(anonymous_7)
FN:129,randomBytes
FN:147,toHexString
FN:148,(anonymous_10)
FN:151,toByteArray
FN:163,compressPublicKey
FN:174,prepareScripts
FN:175,(anonymous_14)
FN:216,randomKeys
FN:224,scriptTypeOfBitcoinScriptType
FN:235,evaluteFee
FNF:18
FNH:10
FNDA:3,checkBitcoinAddress
FNDA:6,decryptKeys
FNDA:5,(anonymous_2)
FNDA:5,decryptBackup
FNDA:2,encryptKeys
FNDA:0,loadBackup
FNDA:0,(anonymous_6)
FNDA:0,(anonymous_7)
FNDA:11,randomBytes
FNDA:2,toHexString
FNDA:6,(anonymous_10)
FNDA:2,toByteArray
FNDA:0,compressPublicKey
FNDA:0,prepareScripts
FNDA:0,(anonymous_14)
FNDA:2,randomKeys
FNDA:0,scriptTypeOfBitcoinScriptType
FNDA:0,evaluteFee
DA:5,1
DA:49,3
DA:50,3
DA:51,2
DA:53,1
DA:60,6
DA:61,5
DA:62,5
DA:63,208
DA:64,5
DA:67,6
DA:68,5
DA:70,5
DA:71,5
DA:72,5
DA:74,1
DA:77,4
DA:78,4
DA:80,4
DA:84,5
DA:85,1
DA:87,4
DA:88,0
DA:89,4
DA:90,0
DA:91,4
DA:92,0
DA:94,4
DA:95,3
DA:96,0
DA:98,3
DA:99,2
DA:101,1
DA:106,2
DA:107,2
DA:111,0
DA:112,0
DA:113,0
DA:115,0
DA:117,0
DA:118,0
DA:119,0
DA:120,0
DA:122,0
DA:125,0
DA:130,11
DA:131,11
DA:133,11
DA:135,10
DA:139,10
DA:141,10
DA:144,10
DA:148,6
DA:152,2
DA:153,2
DA:154,2
DA:155,2
DA:156,6
DA:157,6
DA:158,6
DA:160,2
DA:164,0
DA:175,0
DA:176,0
DA:178,0
DA:180,0
DA:181,0
DA:186,0
DA:190,0
DA:191,0
DA:192,0
DA:198,0
DA:202,0
DA:203,0
DA:208,0
DA:217,2
DA:218,2
DA:219,2
DA:221,2
DA:225,0
DA:227,0
DA:229,0
DA:231,0
DA:236,0
DA:237,0
DA:239,0
LF:86
LH:51
BRDA:48,0,0,0
BRDA:83,1,0,4
BRDA:84,2,0,1
BRDA:84,2,1,4
BRDA:87,3,0,0
BRDA:87,3,1,4
BRDA:87,4,0,4
BRDA:87,4,1,4
BRDA:89,5,0,0
BRDA:89,5,1,4
BRDA:89,6,0,4
BRDA:89,6,1,3
BRDA:91,7,0,0
BRDA:91,7,1,4
BRDA:91,8,0,4
BRDA:91,8,1,1
BRDA:95,9,0,0
BRDA:95,9,1,3
BRDA:98,10,0,2
BRDA:98,10,1,1
BRDA:112,11,0,0
BRDA:112,11,1,0
BRDA:131,12,0,11
BRDA:131,12,1,0
BRDA:133,13,0,1
BRDA:133,13,1,10
BRDA:139,14,0,10
BRDA:139,14,1,0
BRDA:179,15,0,0
BRDA:179,15,1,0
BRDA:179,15,2,0
BRDA:226,16,0,0
BRDA:226,16,1,0
BRDA:226,16,2,0
BRDA:237,17,0,0
BRDA:237,17,1,0
BRF:36
BRH:19
end_of_record
TN:
SF:/home/dakk/Repositories/MyRepos/Helperbit/frontend/app/components/dashboard.wallet/bitcoin.service/mnemonic.ts
FN:10,checkMnemonicChallenge
FN:19,createMnemonicChallenge
FN:32,generateMnemonicPhrase
FN:37,mnemonicToKeys
FN:38,(anonymous_4)
FN:57,(anonymous_5)
FN:59,(anonymous_6)
FN:63,(anonymous_7)
FNF:8
FNH:5
FNDA:4,checkMnemonicChallenge
FNDA:6,createMnemonicChallenge
FNDA:6,generateMnemonicPhrase
FNDA:1,mnemonicToKeys
FNDA:1,(anonymous_4)
FNDA:0,(anonymous_5)
FNDA:0,(anonymous_6)
FNDA:0,(anonymous_7)
DA:11,4
DA:12,8
DA:13,3
DA:16,1
DA:20,6
DA:21,6
DA:22,6
DA:23,6
DA:24,6
DA:33,6
DA:38,1
DA:39,1
DA:47,1
DA:48,1
DA:49,1
DA:50,1
DA:51,1
DA:56,1
DA:60,0
DA:61,0
DA:63,0
DA:64,0
DA:65,0
DA:67,0
DA:68,0
LF:25
LH:18
BRDA:12,0,0,3
BRDA:12,0,1,5
BRDA:60,1,0,0
BRDA:60,1,1,0
BRF:4
BRH:2
end_of_record
TN:
SF:/home/dakk/Repositories/MyRepos/Helperbit/frontend/app/components/dashboard.wallet/widgets/mnemonic-view/mnemonic-view.ts
FN:12,(anonymous_0)
FN:16,(anonymous_1)
FNF:2
FNH:2
FNDA:3,(anonymous_0)
FNDA:1,(anonymous_1)
DA:8,1
DA:9,1
DA:13,3
DA:17,1
LF:4
LH:4
BRF:0
BRH:0
end_of_record
TN:
SF:/home/dakk/Repositories/MyRepos/Helperbit/frontend/app/components/dashboard.wallet/withdraw/fee-selector.ts
FN:9,(anonymous_0)
FN:14,(anonymous_1)
FNF:2
FNH:2
FNDA:3,(anonymous_0)
FNDA:1,(anonymous_1)
DA:9,1
DA:10,1
DA:11,3
DA:12,3
DA:15,1
LF:5
LH:5
BRF:0
BRH:0
end_of_record
TN:
SF:/home/dakk/Repositories/MyRepos/Helperbit/frontend/app/components/dashboard/admin/admin.ts
FN:23,(anonymous_0)
FN:35,(anonymous_1)
FN:36,(anonymous_2)
FN:37,(anonymous_3)
FN:38,(anonymous_4)
FN:41,(anonymous_5)
FN:49,(anonymous_6)
FN:71,(anonymous_7)
FNF:8
FNH:8
FNDA:5,(anonymous_0)
FNDA:4,(anonymous_1)
FNDA:3,(anonymous_2)
FNDA:3,(anonymous_3)
FNDA:3,(anonymous_4)
FNDA:3,(anonymous_5)
FNDA:12,(anonymous_6)
FNDA:4,(anonymous_7)
DA:13,1
DA:24,5
DA:25,5
DA:27,5
DA:36,4
DA:37,3
DA:38,3
DA:39,0
DA:41,3
DA:42,3
DA:43,3
DA:46,3
DA:47,9
DA:48,9
DA:49,12
DA:51,6
DA:52,3
DA:53,3
DA:55,3
DA:56,3
DA:59,6
DA:61,3
DA:62,3
DA:64,3
DA:72,4
LF:25
LH:24
BRDA:38,0,0,0
BRDA:38,0,1,3
BRDA:48,1,0,6
BRDA:48,1,1,3
BRDA:51,2,0,3
BRDA:51,2,1,3
BRF:6
BRH:5
end_of_record
TN:
SF:/home/dakk/Repositories/MyRepos/Helperbit/frontend/app/components/dashboard/ambassador/ambassador.ts
FN:46,(anonymous_0)
FN:101,(anonymous_1)
FN:110,(anonymous_2)
FN:129,(anonymous_3)
FN:158,(anonymous_4)
FN:177,(anonymous_5)
FN:178,(anonymous_6)
FN:182,(anonymous_7)
FN:322,(anonymous_8)
FN:324,(anonymous_9)
FNF:10
FNH:0
FNDA:0,(anonymous_0)
FNDA:0,(anonymous_1)
FNDA:0,(anonymous_2)
FNDA:0,(anonymous_3)
FNDA:0,(anonymous_4)
FNDA:0,(anonymous_5)
FNDA:0,(anonymous_6)
FNDA:0,(anonymous_7)
FNDA:0,(anonymous_8)
FNDA:0,(anonymous_9)
DA:22,1
DA:23,0
DA:47,0
DA:48,0
DA:49,0
DA:50,0
DA:51,0
DA:52,0
DA:54,0
DA:61,0
DA:63,0
DA:73,0
DA:79,0
DA:92,0
DA:93,0
DA:94,0
DA:95,0
DA:96,0
DA:97,0
DA:102,0
DA:103,0
DA:104,0
DA:105,0
DA:106,0
DA:111,0
DA:113,0
DA:114,0
DA:115,0
DA:116,0
DA:119,0
DA:120,0
DA:121,0
DA:122,0
DA:126,0
DA:130,0
DA:154,0
DA:155,0
DA:158,0
DA:159,0
DA:166,0
DA:169,0
DA:170,0
DA:176,0
DA:177,0
DA:178,0
DA:179,0
DA:181,0
DA:182,0
DA:183,0
DA:242,0
DA:275,0
DA:276,0
DA:291,0
DA:306,0
DA:322,0
DA:323,0
LF:56
LH:1
BRDA:102,0,0,0
BRDA:102,0,1,0
BRDA:102,1,0,0
BRDA:102,1,1,0
BRDA:102,1,2,0
BRDA:103,2,0,0
BRDA:103,2,1,0
BRDA:105,3,0,0
BRDA:105,3,1,0
BRDA:112,4,0,0
BRDA:112,4,1,0
BRDA:181,5,0,0
BRDA:181,5,1,0
BRDA:275,6,0,0
BRDA:275,6,1,0
BRDA:286,7,0,0
BRDA:286,7,1,0
BRDA:301,8,0,0
BRDA:301,8,1,0
BRDA:316,9,0,0
BRDA:316,9,1,0
BRF:21
BRH:0
end_of_record
TN:
SF:/home/dakk/Repositories/MyRepos/Helperbit/frontend/app/components/dashboard/badges/badges.ts
FN:25,(anonymous_0)
FN:54,(anonymous_1)
FN:63,(anonymous_2)
FN:64,(anonymous_3)
FNF:4
FNH:0
FNDA:0,(anonymous_0)
FNDA:0,(anonymous_1)
FNDA:0,(anonymous_2)
FNDA:0,(anonymous_3)
DA:18,1
DA:26,0
DA:27,0
DA:28,0
DA:31,0
DA:37,0
DA:46,0
DA:50,0
DA:51,0
DA:55,0
DA:56,0
DA:57,0
DA:58,0
DA:60,0
DA:64,0
DA:65,0
DA:67,0
DA:68,0
LF:18
LH:1
BRDA:57,0,0,0
BRDA:57,0,1,0
BRDA:67,1,0,0
BRDA:67,1,1,0
BRF:4
BRH:0
end_of_record
TN:
SF:/home/dakk/Repositories/MyRepos/Helperbit/frontend/app/components/dashboard/controlpanel/controlpanel.ts
FN:31,(anonymous_0)
FN:150,(anonymous_1)
FN:154,(anonymous_2)
FN:158,(anonymous_3)
FN:162,(anonymous_4)
FN:163,(anonymous_5)
FN:169,(anonymous_6)
FN:182,(anonymous_7)
FN:185,(anonymous_8)
FN:186,(anonymous_9)
FN:190,(anonymous_10)
FN:194,(anonymous_11)
FNF:12
FNH:0
FNDA:0,(anonymous_0)
FNDA:0,(anonymous_1)
FNDA:0,(anonymous_2)
FNDA:0,(anonymous_3)
FNDA:0,(anonymous_4)
FNDA:0,(anonymous_5)
FNDA:0,(anonymous_6)
FNDA:0,(anonymous_7)
FNDA:0,(anonymous_8)
FNDA:0,(anonymous_9)
FNDA:0,(anonymous_10)
FNDA:0,(anonymous_11)
DA:15,1
DA:32,0
DA:34,0
DA:36,0
DA:43,0
DA:151,0
DA:155,0
DA:159,0
DA:163,0
DA:164,0
DA:169,0
DA:170,0
DA:174,0
DA:178,0
DA:183,0
DA:184,0
DA:185,0
DA:186,0
DA:188,0
DA:190,0
DA:192,0
DA:194,0
DA:196,0
DA:201,0
DA:202,0
LF:25
LH:1
BRDA:165,0,0,0
BRDA:165,0,1,0
BRDA:184,1,0,0
BRDA:184,1,1,0
BRF:4
BRH:0
end_of_record
TN:
SF:/home/dakk/Repositories/MyRepos/Helperbit/frontend/app/components/dashboard/delete/delete.ts
FN:13,(anonymous_0)
FNF:1
FNH:0
FNDA:0,(anonymous_0)
DA:10,1
DA:14,0
LF:2
LH:1
BRF:0
BRH:0
end_of_record
TN:
SF:/home/dakk/Repositories/MyRepos/Helperbit/frontend/app/components/dashboard/edit/edit.ts
FN:82,(anonymous_0)
FN:119,(anonymous_1)
FN:196,(anonymous_2)
FN:212,(anonymous_3)
FN:226,(anonymous_4)
FN:253,(anonymous_5)
FN:266,(anonymous_6)
FN:283,(anonymous_7)
FN:296,(anonymous_8)
FN:324,(anonymous_9)
FN:354,(anonymous_10)
FN:367,(anonymous_11)
FN:383,(anonymous_12)
FN:400,(anonymous_13)
FN:414,(anonymous_14)
FN:428,(anonymous_15)
FN:444,(anonymous_16)
FN:475,(anonymous_17)
FN:492,(anonymous_18)
FN:505,(anonymous_19)
FN:523,(anonymous_20)
FN:543,(anonymous_21)
FN:557,(anonymous_22)
FN:580,(anonymous_23)
FN:596,(anonymous_24)
FN:612,(anonymous_25)
FN:626,(anonymous_26)
FN:649,(anonymous_27)
FN:657,(anonymous_28)
FN:677,(anonymous_29)
FN:755,(anonymous_30)
FN:814,(anonymous_31)
FN:816,(anonymous_32)
FN:822,(anonymous_33)
FN:834,(anonymous_34)
FN:838,(anonymous_35)
FN:841,(anonymous_36)
FN:846,(anonymous_37)
FN:849,(anonymous_38)
FN:852,(anonymous_39)
FN:857,(anonymous_40)
FN:860,(anonymous_41)
FN:862,(anonymous_42)
FN:867,(anonymous_43)
FN:870,(anonymous_44)
FN:872,(anonymous_45)
FN:877,(anonymous_46)
FN:879,(anonymous_47)
FN:880,(anonymous_48)
FN:883,(anonymous_49)
FN:900,(anonymous_50)
FN:901,(anonymous_51)
FN:903,(anonymous_52)
FN:908,(anonymous_53)
FN:909,(anonymous_54)
FN:1062,(anonymous_55)
FN:1124,(anonymous_56)
FN:1187,(anonymous_57)
FN:1189,(anonymous_58)
FN:1192,(anonymous_59)
FN:1200,(anonymous_60)
FN:1213,(anonymous_61)
FN:1217,(anonymous_62)
FN:1220,(anonymous_63)
FN:1225,(anonymous_64)
FNF:65
FNH:0
FNDA:0,(anonymous_0)
FNDA:0,(anonymous_1)
FNDA:0,(anonymous_2)
FNDA:0,(anonymous_3)
FNDA:0,(anonymous_4)
FNDA:0,(anonymous_5)
FNDA:0,(anonymous_6)
FNDA:0,(anonymous_7)
FNDA:0,(anonymous_8)
FNDA:0,(anonymous_9)
FNDA:0,(anonymous_10)
FNDA:0,(anonymous_11)
FNDA:0,(anonymous_12)
FNDA:0,(anonymous_13)
FNDA:0,(anonymous_14)
FNDA:0,(anonymous_15)
FNDA:0,(anonymous_16)
FNDA:0,(anonymous_17)
FNDA:0,(anonymous_18)
FNDA:0,(anonymous_19)
FNDA:0,(anonymous_20)
FNDA:0,(anonymous_21)
FNDA:0,(anonymous_22)
FNDA:0,(anonymous_23)
FNDA:0,(anonymous_24)
FNDA:0,(anonymous_25)
FNDA:0,(anonymous_26)
FNDA:0,(anonymous_27)
FNDA:0,(anonymous_28)
FNDA:0,(anonymous_29)
FNDA:0,(anonymous_30)
FNDA:0,(anonymous_31)
FNDA:0,(anonymous_32)
FNDA:0,(anonymous_33)
FNDA:0,(anonymous_34)
FNDA:0,(anonymous_35)
FNDA:0,(anonymous_36)
FNDA:0,(anonymous_37)
FNDA:0,(anonymous_38)
FNDA:0,(anonymous_39)
FNDA:0,(anonymous_40)
FNDA:0,(anonymous_41)
FNDA:0,(anonymous_42)
FNDA:0,(anonymous_43)
FNDA:0,(anonymous_44)
FNDA:0,(anonymous_45)
FNDA:0,(anonymous_46)
FNDA:0,(anonymous_47)
FNDA:0,(anonymous_48)
FNDA:0,(anonymous_49)
FNDA:0,(anonymous_50)
FNDA:0,(anonymous_51)
FNDA:0,(anonymous_52)
FNDA:0,(anonymous_53)
FNDA:0,(anonymous_54)
FNDA:0,(anonymous_55)
FNDA:0,(anonymous_56)
FNDA:0,(anonymous_57)
FNDA:0,(anonymous_58)
FNDA:0,(anonymous_59)
FNDA:0,(anonymous_60)
FNDA:0,(anonymous_61)
FNDA:0,(anonymous_62)
FNDA:0,(anonymous_63)
FNDA:0,(anonymous_64)
DA:68,1
DA:83,0
DA:84,0
DA:85,0
DA:86,0
DA:87,0
DA:89,0
DA:96,0
DA:109,0
DA:110,0
DA:111,0
DA:112,0
DA:113,0
DA:114,0
DA:116,0
DA:123,0
DA:124,0
DA:125,0
DA:126,0
DA:127,0
DA:129,0
DA:130,0
DA:131,0
DA:132,0
DA:133,0
DA:135,0
DA:136,0
DA:138,0
DA:139,0
DA:141,0
DA:142,0
DA:144,0
DA:145,0
DA:147,0
DA:150,0
DA:151,0
DA:152,0
DA:153,0
DA:155,0
DA:160,0
DA:172,0
DA:182,0
DA:187,0
DA:197,0
DA:203,0
DA:213,0
DA:219,0
DA:227,0
DA:233,0
DA:254,0
DA:260,0
DA:267,0
DA:276,0
DA:284,0
DA:290,0
DA:297,0
DA:317,0
DA:325,0
DA:327,0
DA:328,0
DA:333,0
DA:340,0
DA:346,0
DA:355,0
DA:361,0
DA:368,0
DA:377,0
DA:384,0
DA:393,0
DA:401,0
DA:407,0
DA:415,0
DA:421,0
DA:429,0
DA:431,0
DA:432,0
DA:438,0
DA:445,0
DA:464,0
DA:468,0
DA:476,0
DA:484,0
DA:493,0
DA:499,0
DA:506,0
DA:515,0
DA:524,0
DA:529,0
DA:533,0
DA:544,0
DA:550,0
DA:558,0
DA:571,0
DA:581,0
DA:587,0
DA:597,0
DA:603,0
DA:613,0
DA:619,0
DA:627,0
DA:637,0
DA:650,0
DA:651,0
DA:652,0
DA:655,0
DA:658,0
DA:664,0
DA:671,0
DA:678,0
DA:680,0
DA:682,0
DA:683,0
DA:686,0
DA:687,0
DA:690,0
DA:691,0
DA:693,0
DA:694,0
DA:698,0
DA:703,0
DA:704,0
DA:706,0
DA:707,0
DA:708,0
DA:710,0
DA:711,0
DA:712,0
DA:716,0
DA:756,0
DA:757,0
DA:759,0
DA:761,0
DA:766,0
DA:768,0
DA:769,0
DA:770,0
DA:771,0
DA:772,0
DA:773,0
DA:776,0
DA:777,0
DA:779,0
DA:783,0
DA:784,0
DA:785,0
DA:786,0
DA:787,0
DA:788,0
DA:789,0
DA:791,0
DA:792,0
DA:793,0
DA:794,0
DA:797,0
DA:798,0
DA:799,0
DA:800,0
DA:801,0
DA:802,0
DA:803,0
DA:804,0
DA:805,0
DA:810,0
DA:814,0
DA:815,0
DA:817,0
DA:818,0
DA:819,0
DA:820,0
DA:821,0
DA:823,0
DA:824,0
DA:825,0
DA:829,0
DA:831,0
DA:835,0
DA:836,0
DA:838,0
DA:839,0
DA:840,0
DA:842,0
DA:847,0
DA:849,0
DA:850,0
DA:851,0
DA:853,0
DA:858,0
DA:860,0
DA:861,0
DA:863,0
DA:868,0
DA:870,0
DA:871,0
DA:873,0
DA:878,0
DA:879,0
DA:884,0
DA:887,0
DA:889,0
DA:890,0
DA:891,0
DA:894,0
DA:895,0
DA:901,0
DA:902,0
DA:904,0
DA:909,0
DA:910,0
DA:913,0
DA:914,0
DA:915,0
DA:918,0
DA:919,0
DA:920,0
DA:922,0
DA:925,0
DA:926,0
DA:927,0
DA:930,0
DA:931,0
DA:932,0
DA:935,0
DA:936,0
DA:937,0
DA:940,0
DA:941,0
DA:942,0
DA:945,0
DA:946,0
DA:947,0
DA:950,0
DA:951,0
DA:952,0
DA:955,0
DA:956,0
DA:957,0
DA:959,0
DA:964,0
DA:965,0
DA:966,0
DA:969,0
DA:970,0
DA:971,0
DA:974,0
DA:975,0
DA:976,0
DA:979,0
DA:980,0
DA:981,0
DA:984,0
DA:985,0
DA:986,0
DA:989,0
DA:990,0
DA:991,0
DA:993,0
DA:995,0
DA:996,0
DA:997,0
DA:1000,0
DA:1001,0
DA:1002,0
DA:1005,0
DA:1006,0
DA:1007,0
DA:1011,0
DA:1012,0
DA:1013,0
DA:1015,0
DA:1017,0
DA:1018,0
DA:1019,0
DA:1022,0
DA:1023,0
DA:1024,0
DA:1027,0
DA:1028,0
DA:1029,0
DA:1032,0
DA:1033,0
DA:1034,0
DA:1037,0
DA:1038,0
DA:1039,0
DA:1042,0
DA:1043,0
DA:1044,0
DA:1048,0
DA:1049,0
DA:1050,0
DA:1053,0
DA:1062,0
DA:1063,0
DA:1064,0
DA:1065,0
DA:1068,0
DA:1071,0
DA:1072,0
DA:1075,0
DA:1076,0
DA:1077,0
DA:1078,0
DA:1079,0
DA:1080,0
DA:1084,0
DA:1085,0
DA:1086,0
DA:1089,0
DA:1124,0
DA:1126,0
DA:1127,0
DA:1129,0
DA:1130,0
DA:1131,0
DA:1132,0
DA:1134,0
DA:1136,0
DA:1137,0
DA:1139,0
DA:1140,0
DA:1142,0
DA:1143,0
DA:1145,0
DA:1149,0
DA:1150,0
DA:1151,0
DA:1153,0
DA:1154,0
DA:1156,0
DA:1157,0
DA:1158,0
DA:1160,0
DA:1161,0
DA:1164,0
DA:1166,0
DA:1167,0
DA:1168,0
DA:1169,0
DA:1170,0
DA:1171,0
DA:1172,0
DA:1176,0
DA:1180,0
DA:1183,0
DA:1184,0
DA:1185,0
DA:1187,0
DA:1188,0
DA:1189,0
DA:1192,0
DA:1193,0
DA:1196,0
DA:1197,0
DA:1200,0
DA:1201,0
DA:1204,0
DA:1205,0
DA:1208,0
DA:1209,0
DA:1211,0
DA:1213,0
DA:1214,0
DA:1217,0
DA:1218,0
DA:1219,0
DA:1221,0
DA:1222,0
DA:1226,0
DA:1227,0
LF:369
LH:1
BRDA:137,0,0,0
BRDA:137,0,1,0
BRDA:137,0,2,0
BRDA:141,1,0,0
BRDA:141,1,1,0
BRDA:183,2,0,0
BRDA:183,2,1,0
BRDA:183,2,2,0
BRDA:327,3,0,0
BRDA:327,3,1,0
BRDA:327,4,0,0
BRDA:327,4,1,0
BRDA:327,4,2,0
BRDA:341,5,0,0
BRDA:341,5,1,0
BRDA:343,6,0,0
BRDA:343,6,1,0
BRDA:431,7,0,0
BRDA:431,7,1,0
BRDA:431,8,0,0
BRDA:431,8,1,0
BRDA:431,8,2,0
BRDA:464,9,0,0
BRDA:464,9,1,0
BRDA:521,10,0,0
BRDA:521,10,1,0
BRDA:529,11,0,0
BRDA:529,11,1,0
BRDA:650,12,0,0
BRDA:650,12,1,0
BRDA:651,13,0,0
BRDA:651,13,1,0
BRDA:681,14,0,0
BRDA:681,14,1,0
BRDA:681,14,2,0
BRDA:690,15,0,0
BRDA:690,15,1,0
BRDA:706,16,0,0
BRDA:706,16,1,0
BRDA:707,17,0,0
BRDA:707,17,1,0
BRDA:711,18,0,0
BRDA:711,18,1,0
BRDA:767,19,0,0
BRDA:767,19,1,0
BRDA:767,19,2,0
BRDA:768,20,0,0
BRDA:768,20,1,0
BRDA:783,21,0,0
BRDA:783,21,1,0
BRDA:791,22,0,0
BRDA:791,22,1,0
BRDA:798,23,0,0
BRDA:798,23,1,0
BRDA:888,24,0,0
BRDA:888,24,1,0
BRDA:915,25,0,0
BRDA:915,25,1,0
BRDA:920,26,0,0
BRDA:920,26,1,0
BRDA:923,27,0,0
BRDA:923,27,1,0
BRDA:923,27,2,0
BRDA:927,28,0,0
BRDA:927,28,1,0
BRDA:932,29,0,0
BRDA:932,29,1,0
BRDA:937,30,0,0
BRDA:937,30,1,0
BRDA:942,31,0,0
BRDA:942,31,1,0
BRDA:947,32,0,0
BRDA:947,32,1,0
BRDA:952,33,0,0
BRDA:952,33,1,0
BRDA:957,34,0,0
BRDA:957,34,1,0
BRDA:966,35,0,0
BRDA:966,35,1,0
BRDA:971,36,0,0
BRDA:971,36,1,0
BRDA:976,37,0,0
BRDA:976,37,1,0
BRDA:981,38,0,0
BRDA:981,38,1,0
BRDA:986,39,0,0
BRDA:986,39,1,0
BRDA:991,40,0,0
BRDA:991,40,1,0
BRDA:993,41,0,0
BRDA:993,41,1,0
BRDA:997,42,0,0
BRDA:997,42,1,0
BRDA:1002,43,0,0
BRDA:1002,43,1,0
BRDA:1007,44,0,0
BRDA:1007,44,1,0
BRDA:1013,45,0,0
BRDA:1013,45,1,0
BRDA:1015,46,0,0
BRDA:1015,46,1,0
BRDA:1019,47,0,0
BRDA:1019,47,1,0
BRDA:1024,48,0,0
BRDA:1024,48,1,0
BRDA:1029,49,0,0
BRDA:1029,49,1,0
BRDA:1034,50,0,0
BRDA:1034,50,1,0
BRDA:1039,51,0,0
BRDA:1039,51,1,0
BRDA:1044,52,0,0
BRDA:1044,52,1,0
BRDA:1050,53,0,0
BRDA:1050,53,1,0
BRDA:1063,54,0,0
BRDA:1063,54,1,0
BRDA:1063,55,0,0
BRDA:1063,55,1,0
BRDA:1063,55,2,0
BRDA:1071,56,0,0
BRDA:1071,56,1,0
BRDA:1076,57,0,0
BRDA:1076,57,1,0
BRDA:1078,58,0,0
BRDA:1078,58,1,0
BRDA:1084,59,0,0
BRDA:1084,59,1,0
BRDA:1089,60,0,0
BRDA:1089,60,1,0
BRDA:1135,61,0,0
BRDA:1135,61,1,0
BRDA:1135,61,2,0
BRDA:1139,62,0,0
BRDA:1139,62,1,0
BRDA:1153,63,0,0
BRDA:1153,63,1,0
BRDA:1156,64,0,0
BRDA:1156,64,1,0
BRDA:1160,65,0,0
BRDA:1160,65,1,0
BRDA:1166,66,0,0
BRDA:1166,66,1,0
BRDA:1183,67,0,0
BRDA:1183,67,1,0
BRDA:1196,68,0,0
BRDA:1196,68,1,0
BRDA:1196,69,0,0
BRDA:1196,69,1,0
BRDA:1196,69,2,0
BRDA:1204,70,0,0
BRDA:1204,70,1,0
BRDA:1208,71,0,0
BRDA:1208,71,1,0
BRF:154
BRH:0
end_of_record
TN:
SF:/home/dakk/Repositories/MyRepos/Helperbit/frontend/app/components/dashboard/edit/modals/not-saved/not-saved.ts
FN:6,openModalNotSaved
FNF:1
FNH:0
FNDA:0,openModalNotSaved
DA:7,0
DA:10,0
DA:13,0
DA:20,1
LF:4
LH:1
BRF:0
BRH:0
end_of_record
TN:
SF:/home/dakk/Repositories/MyRepos/Helperbit/frontend/app/components/dashboard/geolocalization/geolocalization.ts
FN:27,(anonymous_0)
FN:52,(anonymous_1)
FN:55,(anonymous_2)
FN:60,(anonymous_3)
FN:65,(anonymous_4)
FN:69,(anonymous_5)
FN:74,(anonymous_6)
FN:76,(anonymous_7)
FN:80,(anonymous_8)
FN:86,(anonymous_9)
FN:96,(anonymous_10)
FN:100,(anonymous_11)
FN:107,(anonymous_12)
FN:112,(anonymous_13)
FNF:14
FNH:0
FNDA:0,(anonymous_0)
FNDA:0,(anonymous_1)
FNDA:0,(anonymous_2)
FNDA:0,(anonymous_3)
FNDA:0,(anonymous_4)
FNDA:0,(anonymous_5)
FNDA:0,(anonymous_6)
FNDA:0,(anonymous_7)
FNDA:0,(anonymous_8)
FNDA:0,(anonymous_9)
FNDA:0,(anonymous_10)
FNDA:0,(anonymous_11)
FNDA:0,(anonymous_12)
FNDA:0,(anonymous_13)
DA:11,1
DA:18,1
DA:28,0
DA:29,0
DA:30,0
DA:32,0
DA:39,0
DA:47,0
DA:48,0
DA:49,0
DA:53,0
DA:55,0
DA:56,0
DA:57,0
DA:58,0
DA:59,0
DA:61,0
DA:66,0
DA:70,0
DA:75,0
DA:77,0
DA:78,0
DA:81,0
DA:82,0
DA:87,0
DA:97,0
DA:98,0
DA:101,0
DA:102,0
DA:108,0
DA:109,0
DA:113,0
LF:32
LH:2
BRDA:66,0,0,0
BRDA:66,0,1,0
BRDA:70,1,0,0
BRDA:70,1,1,0
BRF:4
BRH:0
end_of_record
TN:
SF:/home/dakk/Repositories/MyRepos/Helperbit/frontend/app/components/dashboard/geolocalization/modals/address/address.ts
FN:28,openModalAddress
FN:80,(anonymous_1)
FN:119,(anonymous_2)
FN:120,(anonymous_3)
FN:49,(anonymous_4)
FN:246,(anonymous_5)
FN:247,(anonymous_6)
FN:280,(anonymous_7)
FN:298,(anonymous_8)
FN:306,(anonymous_9)
FN:310,(anonymous_10)
FN:315,(anonymous_11)
FN:320,(anonymous_12)
FN:325,(anonymous_13)
FN:331,(anonymous_14)
FN:339,(anonymous_15)
FN:351,(anonymous_16)
FN:352,(anonymous_17)
FN:367,(anonymous_18)
FN:372,(anonymous_19)
FN:382,(anonymous_20)
FN:384,(anonymous_21)
FN:389,(anonymous_22)
FN:394,(anonymous_23)
FN:400,(anonymous_24)
FN:402,(anonymous_25)
FN:404,(anonymous_26)
FNF:27
FNH:0
FNDA:0,openModalAddress
FNDA:0,(anonymous_1)
FNDA:0,(anonymous_2)
FNDA:0,(anonymous_3)
FNDA:0,(anonymous_4)
FNDA:0,(anonymous_5)
FNDA:0,(anonymous_6)
FNDA:0,(anonymous_7)
FNDA:0,(anonymous_8)
FNDA:0,(anonymous_9)
FNDA:0,(anonymous_10)
FNDA:0,(anonymous_11)
FNDA:0,(anonymous_12)
FNDA:0,(anonymous_13)
FNDA:0,(anonymous_14)
FNDA:0,(anonymous_15)
FNDA:0,(anonymous_16)
FNDA:0,(anonymous_17)
FNDA:0,(anonymous_18)
FNDA:0,(anonymous_19)
FNDA:0,(anonymous_20)
FNDA:0,(anonymous_21)
FNDA:0,(anonymous_22)
FNDA:0,(anonymous_23)
FNDA:0,(anonymous_24)
FNDA:0,(anonymous_25)
FNDA:0,(anonymous_26)
DA:16,1
DA:17,1
DA:29,0
DA:33,0
DA:34,0
DA:36,0
DA:45,1
DA:46,1
DA:49,1
DA:50,0
DA:52,0
DA:53,0
DA:54,0
DA:55,0
DA:81,0
DA:82,0
DA:83,0
DA:84,0
DA:85,0
DA:87,0
DA:88,0
DA:92,0
DA:96,0
DA:98,0
DA:107,0
DA:113,0
DA:120,0
DA:121,0
DA:130,0
DA:143,0
DA:155,0
DA:167,0
DA:180,0
DA:194,0
DA:196,0
DA:205,0
DA:211,0
DA:213,0
DA:217,0
DA:224,0
DA:225,0
DA:226,0
DA:229,0
DA:243,0
DA:247,0
DA:248,0
DA:250,0
DA:252,0
DA:254,0
DA:255,0
DA:257,0
DA:258,0
DA:260,0
DA:261,0
DA:264,0
DA:268,0
DA:273,0
DA:274,0
DA:276,0
DA:280,0
DA:281,0
DA:284,0
DA:285,0
DA:287,0
DA:297,0
DA:298,0
DA:299,0
DA:303,0
DA:304,0
DA:306,0
DA:307,0
DA:310,0
DA:311,0
DA:316,0
DA:321,0
DA:322,0
DA:326,0
DA:328,0
DA:329,0
DA:331,0
DA:332,0
DA:334,0
DA:335,0
DA:340,0
DA:342,0
DA:351,0
DA:352,0
DA:353,0
DA:355,0
DA:358,0
DA:365,0
DA:368,0
DA:373,0
DA:375,0
DA:382,0
DA:383,0
DA:384,0
DA:385,0
DA:388,0
DA:390,0
DA:395,0
DA:397,0
DA:399,0
DA:400,0
DA:402,0
DA:403,0
DA:405,0
LF:107
LH:5
BRDA:33,0,0,0
BRDA:33,0,1,0
BRDA:253,1,0,0
BRDA:253,1,1,0
BRDA:253,1,2,0
BRDA:266,2,0,0
BRDA:266,2,1,0
BRDA:273,3,0,0
BRDA:273,3,1,0
BRDA:284,4,0,0
BRDA:284,4,1,0
BRDA:289,5,0,0
BRDA:289,5,1,0
BRDA:297,6,0,0
BRDA:297,6,1,0
BRDA:303,7,0,0
BRDA:303,7,1,0
BRDA:304,8,0,0
BRDA:304,8,1,0
BRDA:383,9,0,0
BRDA:383,9,1,0
BRDA:383,10,0,0
BRDA:383,10,1,0
BRDA:399,11,0,0
BRDA:399,11,1,0
BRF:25
BRH:0
end_of_record
TN:
SF:/home/dakk/Repositories/MyRepos/Helperbit/frontend/app/components/dashboard/invoiceable/invoiceable.ts
FN:18,(anonymous_0)
FN:33,(anonymous_1)
FN:35,(anonymous_2)
FN:46,(anonymous_3)
FN:47,(anonymous_4)
FN:52,(anonymous_5)
FNF:6
FNH:0
FNDA:0,(anonymous_0)
FNDA:0,(anonymous_1)
FNDA:0,(anonymous_2)
FNDA:0,(anonymous_3)
FNDA:0,(anonymous_4)
FNDA:0,(anonymous_5)
DA:13,1
DA:19,0
DA:22,0
DA:23,0
DA:25,0
DA:34,0
DA:35,0
DA:36,0
DA:37,0
DA:38,0
DA:39,0
DA:47,0
DA:48,0
DA:53,0
DA:54,0
LF:15
LH:1
BRDA:38,0,0,0
BRDA:38,0,1,0
BRF:2
BRH:0
end_of_record
TN:
SF:/home/dakk/Repositories/MyRepos/Helperbit/frontend/app/components/dashboard/notifications/notifications.ts
FN:16,(anonymous_0)
FN:30,(anonymous_1)
FN:31,(anonymous_2)
FN:37,(anonymous_3)
FN:41,(anonymous_4)
FN:49,(anonymous_5)
FN:55,(anonymous_6)
FN:62,(anonymous_7)
FN:67,(anonymous_8)
FN:73,(anonymous_9)
FN:76,(anonymous_10)
FNF:11
FNH:0
FNDA:0,(anonymous_0)
FNDA:0,(anonymous_1)
FNDA:0,(anonymous_2)
FNDA:0,(anonymous_3)
FNDA:0,(anonymous_4)
FNDA:0,(anonymous_5)
FNDA:0,(anonymous_6)
FNDA:0,(anonymous_7)
FNDA:0,(anonymous_8)
FNDA:0,(anonymous_9)
FNDA:0,(anonymous_10)
DA:11,1
DA:16,0
DA:17,0
DA:19,0
DA:20,0
DA:22,0
DA:31,0
DA:32,0
DA:33,0
DA:38,0
DA:39,0
DA:41,0
DA:42,0
DA:43,0
DA:45,0
DA:46,0
DA:56,0
DA:57,0
DA:59,0
DA:63,0
DA:64,0
DA:65,0
DA:67,0
DA:68,0
DA:74,0
DA:76,0
DA:77,0
DA:78,0
LF:28
LH:1
BRDA:38,0,0,0
BRDA:38,0,1,0
BRDA:45,1,0,0
BRDA:45,1,1,0
BRDA:56,2,0,0
BRDA:56,2,1,0
BRDA:77,3,0,0
BRDA:77,3,1,0
BRF:8
BRH:0
end_of_record
TN:
SF:/home/dakk/Repositories/MyRepos/Helperbit/frontend/app/components/dashboard/privacy/privacy.ts
FN:28,(anonymous_0)
FN:57,(anonymous_1)
FN:59,(anonymous_2)
FN:59,(anonymous_3)
FN:59,(anonymous_4)
FN:60,(anonymous_5)
FN:63,(anonymous_6)
FN:71,(anonymous_7)
FN:76,(anonymous_8)
FN:77,(anonymous_9)
FNF:10
FNH:0
FNDA:0,(anonymous_0)
FNDA:0,(anonymous_1)
FNDA:0,(anonymous_2)
FNDA:0,(anonymous_3)
FNDA:0,(anonymous_4)
FNDA:0,(anonymous_5)
FNDA:0,(anonymous_6)
FNDA:0,(anonymous_7)
FNDA:0,(anonymous_8)
FNDA:0,(anonymous_9)
DA:13,1
DA:28,0
DA:29,0
DA:36,0
DA:41,0
DA:51,0
DA:53,0
DA:54,0
DA:58,0
DA:59,0
DA:64,0
DA:65,0
DA:71,0
DA:76,0
DA:77,0
DA:78,0
DA:79,0
DA:81,0
LF:18
LH:1
BRF:0
BRH:0
end_of_record
TN:
SF:/home/dakk/Repositories/MyRepos/Helperbit/frontend/app/components/dashboard/rors/rors.ts
FN:39,(anonymous_0)
FN:92,(anonymous_1)
FN:97,(anonymous_2)
FN:101,(anonymous_3)
FN:102,(anonymous_4)
FN:104,(anonymous_5)
FN:107,(anonymous_6)
FN:112,(anonymous_7)
FN:118,(anonymous_8)
FN:119,(anonymous_9)
FN:122,(anonymous_10)
FN:123,(anonymous_11)
FN:125,(anonymous_12)
FN:131,(anonymous_13)
FN:133,(anonymous_14)
FN:134,(anonymous_15)
FNF:16
FNH:0
FNDA:0,(anonymous_0)
FNDA:0,(anonymous_1)
FNDA:0,(anonymous_2)
FNDA:0,(anonymous_3)
FNDA:0,(anonymous_4)
FNDA:0,(anonymous_5)
FNDA:0,(anonymous_6)
FNDA:0,(anonymous_7)
FNDA:0,(anonymous_8)
FNDA:0,(anonymous_9)
FNDA:0,(anonymous_10)
FNDA:0,(anonymous_11)
FNDA:0,(anonymous_12)
FNDA:0,(anonymous_13)
FNDA:0,(anonymous_14)
FNDA:0,(anonymous_15)
DA:22,1
DA:40,0
DA:41,0
DA:42,0
DA:43,0
DA:44,0
DA:45,0
DA:47,0
DA:54,0
DA:60,0
DA:83,0
DA:84,0
DA:85,0
DA:86,0
DA:87,0
DA:88,0
DA:89,0
DA:93,0
DA:94,0
DA:98,0
DA:102,0
DA:103,0
DA:104,0
DA:107,0
DA:108,0
DA:113,0
DA:118,0
DA:123,0
DA:124,0
DA:126,0
DA:132,0
DA:133,0
DA:134,0
LF:33
LH:1
BRDA:104,0,0,0
BRDA:104,0,1,0
BRF:2
BRH:0
end_of_record
TN:
SF:/home/dakk/Repositories/MyRepos/Helperbit/frontend/app/components/dashboard/rors/create/create.ts
FN:69,(anonymous_0)
FN:93,(anonymous_1)
FN:160,(anonymous_2)
FN:165,(anonymous_3)
FN:185,(anonymous_4)
FN:190,(anonymous_5)
FN:210,(anonymous_6)
FN:214,(anonymous_7)
FN:234,(anonymous_8)
FN:235,(anonymous_9)
FN:308,(anonymous_10)
FN:313,(anonymous_11)
FN:26,(anonymous_12)
FN:342,(anonymous_13)
FN:343,(anonymous_14)
FN:392,(anonymous_15)
FN:395,(anonymous_16)
FN:410,(anonymous_17)
FN:415,(anonymous_18)
FN:433,(anonymous_19)
FN:435,(anonymous_20)
FN:440,(anonymous_21)
FNF:22
FNH:0
FNDA:0,(anonymous_0)
FNDA:0,(anonymous_1)
FNDA:0,(anonymous_2)
FNDA:0,(anonymous_3)
FNDA:0,(anonymous_4)
FNDA:0,(anonymous_5)
FNDA:0,(anonymous_6)
FNDA:0,(anonymous_7)
FNDA:0,(anonymous_8)
FNDA:0,(anonymous_9)
FNDA:0,(anonymous_10)
FNDA:0,(anonymous_11)
FNDA:0,(anonymous_12)
FNDA:0,(anonymous_13)
FNDA:0,(anonymous_14)
FNDA:0,(anonymous_15)
FNDA:0,(anonymous_16)
FNDA:0,(anonymous_17)
FNDA:0,(anonymous_18)
FNDA:0,(anonymous_19)
FNDA:0,(anonymous_20)
FNDA:0,(anonymous_21)
DA:23,1
DA:26,1
DA:27,0
DA:29,0
DA:30,0
DA:70,0
DA:71,0
DA:72,0
DA:73,0
DA:74,0
DA:76,0
DA:77,0
DA:78,0
DA:79,0
DA:81,0
DA:88,0
DA:93,0
DA:94,0
DA:95,0
DA:96,0
DA:97,0
DA:98,0
DA:99,0
DA:102,0
DA:106,0
DA:108,0
DA:121,0
DA:127,0
DA:150,0
DA:161,0
DA:162,0
DA:167,0
DA:175,0
DA:186,0
DA:187,0
DA:192,0
DA:200,0
DA:211,0
DA:216,0
DA:227,0
DA:229,0
DA:235,0
DA:237,0
DA:254,0
DA:267,0
DA:283,0
DA:295,0
DA:310,0
DA:311,0
DA:315,0
DA:316,0
DA:318,0
DA:319,0
DA:320,0
DA:339,0
DA:343,0
DA:345,0
DA:346,0
DA:348,0
DA:349,0
DA:352,0
DA:354,0
DA:355,0
DA:357,0
DA:373,0
DA:374,0
DA:375,0
DA:377,0
DA:378,0
DA:379,0
DA:380,0
DA:381,0
DA:382,0
DA:384,0
DA:389,0
DA:392,0
DA:393,0
DA:395,0
DA:396,0
DA:406,0
DA:409,0
DA:410,0
DA:412,0
DA:416,0
DA:418,0
DA:420,0
DA:430,0
DA:431,0
DA:433,0
DA:434,0
DA:436,0
DA:440,0
LF:92
LH:2
BRDA:94,0,0,0
BRDA:94,0,1,0
BRDA:96,1,0,0
BRDA:96,1,1,0
BRDA:98,2,0,0
BRDA:98,2,1,0
BRDA:310,3,0,0
BRDA:310,3,1,0
BRDA:315,4,0,0
BRDA:315,4,1,0
BRDA:319,5,0,0
BRDA:319,5,1,0
BRDA:352,6,0,0
BRDA:352,6,1,0
BRDA:409,7,0,0
BRDA:409,7,1,0
BRDA:430,8,0,0
BRDA:430,8,1,0
BRF:18
BRH:0
end_of_record
TN:
SF:/home/dakk/Repositories/MyRepos/Helperbit/frontend/app/components/dashboard/rors/modals/details/details.ts
FN:21,openModalRorDetails
FN:70,(anonymous_1)
FN:42,(anonymous_2)
FN:151,(anonymous_3)
FN:155,(anonymous_4)
FN:160,(anonymous_5)
FN:164,(anonymous_6)
FN:168,(anonymous_7)
FN:171,(anonymous_8)
FN:173,(anonymous_9)
FN:178,(anonymous_10)
FN:182,(anonymous_11)
FN:186,(anonymous_12)
FNF:13
FNH:0
FNDA:0,openModalRorDetails
FNDA:0,(anonymous_1)
FNDA:0,(anonymous_2)
FNDA:0,(anonymous_3)
FNDA:0,(anonymous_4)
FNDA:0,(anonymous_5)
FNDA:0,(anonymous_6)
FNDA:0,(anonymous_7)
FNDA:0,(anonymous_8)
FNDA:0,(anonymous_9)
FNDA:0,(anonymous_10)
FNDA:0,(anonymous_11)
FNDA:0,(anonymous_12)
DA:22,0
DA:26,0
DA:27,0
DA:29,0
DA:38,1
DA:39,1
DA:42,1
DA:43,0
DA:45,0
DA:46,0
DA:48,0
DA:49,0
DA:71,0
DA:72,0
DA:73,0
DA:74,0
DA:75,0
DA:76,0
DA:77,0
DA:78,0
DA:80,0
DA:81,0
DA:85,0
DA:86,0
DA:92,0
DA:94,0
DA:98,0
DA:104,0
DA:117,0
DA:123,0
DA:125,0
DA:129,0
DA:148,0
DA:152,0
DA:153,0
DA:155,0
DA:156,0
DA:161,0
DA:165,0
DA:169,0
DA:171,0
DA:172,0
DA:174,0
DA:179,0
DA:183,0
DA:206,0
LF:46
LH:3
BRDA:26,0,0,0
BRDA:26,0,1,0
BRDA:152,1,0,0
BRDA:152,1,1,0
BRF:4
BRH:0
end_of_record
TN:
SF:/home/dakk/Repositories/MyRepos/Helperbit/frontend/app/components/dashboard/security/security.ts
FN:23,(anonymous_0)
FN:54,(anonymous_1)
FN:72,(anonymous_2)
FN:73,(anonymous_3)
FN:81,(anonymous_4)
FN:89,(anonymous_5)
FN:91,(anonymous_6)
FNF:7
FNH:0
FNDA:0,(anonymous_0)
FNDA:0,(anonymous_1)
FNDA:0,(anonymous_2)
FNDA:0,(anonymous_3)
FNDA:0,(anonymous_4)
FNDA:0,(anonymous_5)
FNDA:0,(anonymous_6)
DA:14,1
DA:23,0
DA:24,0
DA:33,0
DA:36,0
DA:47,0
DA:55,0
DA:56,0
DA:62,0
DA:72,0
DA:73,0
DA:78,0
DA:82,0
DA:84,0
DA:89,0
DA:90,0
DA:92,0
DA:93,0
LF:18
LH:1
BRDA:55,0,0,0
BRDA:55,0,1,0
BRF:2
BRH:0
end_of_record
TN:
SF:/home/dakk/Repositories/MyRepos/Helperbit/frontend/app/components/dashboard/socialedit/socialedit.ts
FN:36,(anonymous_0)
FN:97,(anonymous_1)
FN:28,(anonymous_2)
FN:108,(anonymous_3)
FN:117,(anonymous_4)
FN:119,(anonymous_5)
FNF:6
FNH:0
FNDA:0,(anonymous_0)
FNDA:0,(anonymous_1)
FNDA:0,(anonymous_2)
FNDA:0,(anonymous_3)
FNDA:0,(anonymous_4)
FNDA:0,(anonymous_5)
DA:16,1
DA:28,1
DA:29,0
DA:31,0
DA:32,0
DA:36,0
DA:37,0
DA:46,0
DA:51,0
DA:52,0
DA:59,0
DA:72,0
DA:85,0
DA:98,0
DA:105,0
DA:109,0
DA:111,0
DA:117,0
DA:118,0
DA:120,0
LF:20
LH:2
BRF:0
BRH:0
end_of_record
TN:
SF:/home/dakk/Repositories/MyRepos/Helperbit/frontend/app/components/dashboard/verify/verify.ts
FN:72,(anonymous_0)
FN:111,(anonymous_1)
FN:117,(anonymous_2)
FN:118,(anonymous_3)
FN:119,(anonymous_4)
FN:120,(anonymous_5)
FN:121,(anonymous_6)
FN:122,(anonymous_7)
FN:123,(anonymous_8)
FN:124,(anonymous_9)
FN:125,(anonymous_10)
FN:126,(anonymous_11)
FN:127,(anonymous_12)
FN:128,(anonymous_13)
FN:129,(anonymous_14)
FN:130,(anonymous_15)
FN:131,(anonymous_16)
FN:135,(anonymous_17)
FN:136,(anonymous_18)
FN:137,(anonymous_19)
FN:138,(anonymous_20)
FN:139,(anonymous_21)
FN:140,(anonymous_22)
FN:141,(anonymous_23)
FN:142,(anonymous_24)
FN:146,(anonymous_25)
FN:205,(anonymous_26)
FN:209,(anonymous_27)
FN:223,(anonymous_28)
FN:234,(anonymous_29)
FN:246,(anonymous_30)
FN:252,(anonymous_31)
FN:268,(anonymous_32)
FN:281,(anonymous_33)
FN:286,(anonymous_34)
FN:289,(anonymous_35)
FN:291,(anonymous_36)
FN:296,(anonymous_37)
FN:303,(anonymous_38)
FN:305,(anonymous_39)
FN:306,(anonymous_40)
FN:309,(anonymous_41)
FN:311,(anonymous_42)
FN:312,(anonymous_43)
FN:315,(anonymous_44)
FN:321,(anonymous_45)
FN:322,(anonymous_46)
FN:325,(anonymous_47)
FN:328,(anonymous_48)
FN:330,(anonymous_49)
FN:335,(anonymous_50)
FN:337,(anonymous_51)
FN:338,(anonymous_52)
FN:341,(anonymous_53)
FN:343,(anonymous_54)
FN:500,(anonymous_55)
FNF:56
FNH:0
FNDA:0,(anonymous_0)
FNDA:0,(anonymous_1)
FNDA:0,(anonymous_2)
FNDA:0,(anonymous_3)
FNDA:0,(anonymous_4)
FNDA:0,(anonymous_5)
FNDA:0,(anonymous_6)
FNDA:0,(anonymous_7)
FNDA:0,(anonymous_8)
FNDA:0,(anonymous_9)
FNDA:0,(anonymous_10)
FNDA:0,(anonymous_11)
FNDA:0,(anonymous_12)
FNDA:0,(anonymous_13)
FNDA:0,(anonymous_14)
FNDA:0,(anonymous_15)
FNDA:0,(anonymous_16)
FNDA:0,(anonymous_17)
FNDA:0,(anonymous_18)
FNDA:0,(anonymous_19)
FNDA:0,(anonymous_20)
FNDA:0,(anonymous_21)
FNDA:0,(anonymous_22)
FNDA:0,(anonymous_23)
FNDA:0,(anonymous_24)
FNDA:0,(anonymous_25)
FNDA:0,(anonymous_26)
FNDA:0,(anonymous_27)
FNDA:0,(anonymous_28)
FNDA:0,(anonymous_29)
FNDA:0,(anonymous_30)
FNDA:0,(anonymous_31)
FNDA:0,(anonymous_32)
FNDA:0,(anonymous_33)
FNDA:0,(anonymous_34)
FNDA:0,(anonymous_35)
FNDA:0,(anonymous_36)
FNDA:0,(anonymous_37)
FNDA:0,(anonymous_38)
FNDA:0,(anonymous_39)
FNDA:0,(anonymous_40)
FNDA:0,(anonymous_41)
FNDA:0,(anonymous_42)
FNDA:0,(anonymous_43)
FNDA:0,(anonymous_44)
FNDA:0,(anonymous_45)
FNDA:0,(anonymous_46)
FNDA:0,(anonymous_47)
FNDA:0,(anonymous_48)
FNDA:0,(anonymous_49)
FNDA:0,(anonymous_50)
FNDA:0,(anonymous_51)
FNDA:0,(anonymous_52)
FNDA:0,(anonymous_53)
FNDA:0,(anonymous_54)
FNDA:0,(anonymous_55)
DA:41,1
DA:73,0
DA:74,0
DA:75,0
DA:76,0
DA:78,0
DA:79,0
DA:80,0
DA:81,0
DA:82,0
DA:83,0
DA:84,0
DA:85,0
DA:87,0
DA:88,0
DA:95,0
DA:110,0
DA:112,0
DA:113,0
DA:115,0
DA:117,0
DA:118,0
DA:119,0
DA:120,0
DA:121,0
DA:122,0
DA:123,0
DA:124,0
DA:125,0
DA:126,0
DA:127,0
DA:128,0
DA:129,0
DA:130,0
DA:131,0
DA:134,0
DA:135,0
DA:136,0
DA:137,0
DA:138,0
DA:139,0
DA:140,0
DA:141,0
DA:142,0
DA:152,0
DA:154,0
DA:162,0
DA:170,0
DA:178,0
DA:186,0
DA:194,0
DA:206,0
DA:209,0
DA:210,0
DA:213,0
DA:223,0
DA:224,0
DA:225,0
DA:226,0
DA:227,0
DA:229,0
DA:234,0
DA:235,0
DA:236,0
DA:237,0
DA:238,0
DA:239,0
DA:240,0
DA:242,0
DA:243,0
DA:247,0
DA:249,0
DA:250,0
DA:251,0
DA:252,0
DA:253,0
DA:254,0
DA:255,0
DA:256,0
DA:259,0
DA:260,0
DA:263,0
DA:268,0
DA:269,0
DA:271,0
DA:272,0
DA:273,0
DA:274,0
DA:276,0
DA:282,0
DA:287,0
DA:289,0
DA:290,0
DA:292,0
DA:297,0
DA:304,0
DA:305,0
DA:306,0
DA:310,0
DA:311,0
DA:312,0
DA:316,0
DA:321,0
DA:322,0
DA:326,0
DA:328,0
DA:329,0
DA:331,0
DA:336,0
DA:337,0
DA:338,0
DA:343,0
DA:344,0
DA:348,0
DA:349,0
DA:350,0
DA:351,0
DA:353,0
DA:361,0
DA:499,0
DA:501,0
LF:121
LH:1
BRDA:112,0,0,0
BRDA:112,0,1,0
BRDA:153,1,0,0
BRDA:153,1,1,0
BRDA:153,1,2,0
BRDA:153,1,3,0
BRDA:153,1,4,0
BRDA:153,1,5,0
BRDA:224,2,0,0
BRDA:224,2,1,0
BRDA:235,3,0,0
BRDA:235,3,1,0
BRDA:239,4,0,0
BRDA:239,4,1,0
BRDA:242,5,0,0
BRDA:242,5,1,0
BRDA:249,6,0,0
BRDA:249,6,1,0
BRDA:253,7,0,0
BRDA:253,7,1,0
BRDA:255,8,0,0
BRDA:255,8,1,0
BRDA:272,9,0,0
BRDA:272,9,1,0
BRDA:273,10,0,0
BRDA:273,10,1,0
BRDA:273,11,0,0
BRDA:273,11,1,0
BRDA:349,12,0,0
BRDA:349,12,1,0
BRDA:350,13,0,0
BRDA:350,13,1,0
BRDA:350,14,0,0
BRDA:350,14,1,0
BRDA:365,15,0,0
BRDA:365,15,1,0
BRDA:370,16,0,0
BRDA:370,16,1,0
BRDA:476,17,0,0
BRDA:476,17,1,0
BRF:40
BRH:0
end_of_record
TN:
SF:/home/dakk/Repositories/MyRepos/Helperbit/frontend/app/components/dashboard/verify/verify.utils.ts
FN:17,openProviderModal
FNF:1
FNH:0
FNDA:0,openProviderModal
DA:18,0
DA:20,0
DA:22,0
DA:23,0
DA:26,0
DA:27,0
DA:30,0
DA:31,0
DA:34,0
DA:35,0
DA:38,0
DA:39,0
DA:42,0
DA:43,0
DA:46,0
DA:47,0
DA:50,0
DA:51,0
DA:55,0
DA:56,0
DA:58,0
DA:62,0
DA:63,0
DA:65,0
LF:24
LH:0
BRDA:21,0,0,0
BRDA:21,0,1,0
BRDA:21,0,2,0
BRDA:21,0,3,0
BRDA:21,0,4,0
BRDA:21,0,5,0
BRDA:21,0,6,0
BRDA:21,0,7,0
BRDA:55,1,0,0
BRDA:55,1,1,0
BRDA:62,2,0,0
BRDA:62,2,1,0
BRF:12
BRH:0
end_of_record
TN:
SF:/home/dakk/Repositories/MyRepos/Helperbit/frontend/app/components/dashboard/verify/providers/company/company.ts
FN:48,(anonymous_0)
FN:28,(anonymous_1)
FN:105,(anonymous_2)
FN:116,(anonymous_3)
FN:118,(anonymous_4)
FN:124,(anonymous_5)
FN:128,(anonymous_6)
FN:132,(anonymous_7)
FN:140,(anonymous_8)
FN:143,(anonymous_9)
FN:148,(anonymous_10)
FN:151,(anonymous_11)
FN:154,(anonymous_12)
FNF:13
FNH:0
FNDA:0,(anonymous_0)
FNDA:0,(anonymous_1)
FNDA:0,(anonymous_2)
FNDA:0,(anonymous_3)
FNDA:0,(anonymous_4)
FNDA:0,(anonymous_5)
FNDA:0,(anonymous_6)
FNDA:0,(anonymous_7)
FNDA:0,(anonymous_8)
FNDA:0,(anonymous_9)
FNDA:0,(anonymous_10)
FNDA:0,(anonymous_11)
FNDA:0,(anonymous_12)
DA:24,1
DA:25,1
DA:28,1
DA:29,0
DA:31,0
DA:32,0
DA:33,0
DA:49,0
DA:50,0
DA:51,0
DA:52,0
DA:56,0
DA:60,0
DA:62,0
DA:64,0
DA:70,0
DA:89,0
DA:91,0
DA:93,0
DA:102,0
DA:106,0
DA:107,0
DA:109,0
DA:111,0
DA:113,0
DA:117,0
DA:119,0
DA:125,0
DA:128,0
DA:129,0
DA:132,0
DA:133,0
DA:135,0
DA:139,0
DA:141,0
DA:144,0
DA:149,0
DA:151,0
DA:152,0
DA:153,0
DA:155,0
LF:41
LH:3
BRDA:106,0,0,0
BRDA:106,0,1,0
BRF:2
BRH:0
end_of_record
TN:
SF:/home/dakk/Repositories/MyRepos/Helperbit/frontend/app/components/dashboard/verify/providers/document/document.ts
FN:65,(anonymous_0)
FN:125,(anonymous_1)
FN:35,(anonymous_2)
FN:218,(anonymous_3)
FN:241,(anonymous_4)
FN:246,(anonymous_5)
FN:253,(anonymous_6)
FN:262,(anonymous_7)
FN:265,(anonymous_8)
FN:270,(anonymous_9)
FN:277,(anonymous_10)
FN:281,(anonymous_11)
FN:285,(anonymous_12)
FN:298,(anonymous_13)
FN:301,(anonymous_14)
FN:306,(anonymous_15)
FN:315,(anonymous_16)
FN:318,(anonymous_17)
FNF:18
FNH:0
FNDA:0,(anonymous_0)
FNDA:0,(anonymous_1)
FNDA:0,(anonymous_2)
FNDA:0,(anonymous_3)
FNDA:0,(anonymous_4)
FNDA:0,(anonymous_5)
FNDA:0,(anonymous_6)
FNDA:0,(anonymous_7)
FNDA:0,(anonymous_8)
FNDA:0,(anonymous_9)
FNDA:0,(anonymous_10)
FNDA:0,(anonymous_11)
FNDA:0,(anonymous_12)
FNDA:0,(anonymous_13)
FNDA:0,(anonymous_14)
FNDA:0,(anonymous_15)
FNDA:0,(anonymous_16)
FNDA:0,(anonymous_17)
DA:31,1
DA:32,1
DA:35,1
DA:36,0
DA:38,0
DA:39,0
DA:40,0
DA:66,0
DA:67,0
DA:68,0
DA:69,0
DA:73,0
DA:77,0
DA:79,0
DA:85,0
DA:92,0
DA:113,0
DA:125,0
DA:131,0
DA:145,0
DA:147,0
DA:152,0
DA:158,0
DA:176,0
DA:195,0
DA:197,0
DA:208,0
DA:215,0
DA:219,0
DA:220,0
DA:222,0
DA:228,0
DA:229,0
DA:230,0
DA:232,0
DA:233,0
DA:236,0
DA:241,0
DA:242,0
DA:247,0
DA:254,0
DA:256,0
DA:262,0
DA:263,0
DA:264,0
DA:266,0
DA:271,0
DA:273,0
DA:274,0
DA:277,0
DA:278,0
DA:281,0
DA:282,0
DA:285,0
DA:286,0
DA:288,0
DA:296,0
DA:299,0
DA:302,0
DA:307,0
DA:309,0
DA:315,0
DA:316,0
DA:317,0
DA:319,0
LF:65
LH:3
BRDA:219,0,0,0
BRDA:219,0,1,0
BRDA:228,1,0,0
BRDA:228,1,1,0
BRF:4
BRH:0
end_of_record
TN:
SF:/home/dakk/Repositories/MyRepos/Helperbit/frontend/app/components/dashboard/verify/providers/gps/gps.ts
FN:32,(anonymous_0)
FN:17,(anonymous_1)
FN:58,(anonymous_2)
FN:59,(anonymous_3)
FN:68,(anonymous_4)
FN:72,(anonymous_5)
FN:79,(anonymous_6)
FNF:7
FNH:0
FNDA:0,(anonymous_0)
FNDA:0,(anonymous_1)
FNDA:0,(anonymous_2)
FNDA:0,(anonymous_3)
FNDA:0,(anonymous_4)
FNDA:0,(anonymous_5)
FNDA:0,(anonymous_6)
DA:14,1
DA:17,1
DA:18,0
DA:20,0
DA:21,0
DA:33,0
DA:34,0
DA:35,0
DA:37,0
DA:38,0
DA:42,0
DA:46,0
DA:48,0
DA:55,0
DA:59,0
DA:60,0
DA:61,0
DA:63,0
DA:68,0
DA:69,0
DA:70,0
DA:71,0
DA:73,0
DA:74,0
DA:80,0
DA:81,0
LF:26
LH:2
BRDA:80,0,0,0
BRDA:80,0,1,0
BRF:2
BRH:0
end_of_record
TN:
SF:/home/dakk/Repositories/MyRepos/Helperbit/frontend/app/components/dashboard/verify/providers/npo/admins/admins.ts
FN:92,(anonymous_0)
FN:159,(anonymous_1)
FN:169,(anonymous_2)
FN:289,(anonymous_3)
FN:298,(anonymous_4)
FN:305,(anonymous_5)
FN:329,(anonymous_6)
FN:353,(anonymous_7)
FN:365,(anonymous_8)
FN:387,(anonymous_9)
FN:397,(anonymous_10)
FN:49,(anonymous_11)
FN:697,(anonymous_12)
FN:698,(anonymous_13)
FN:749,(anonymous_14)
FN:751,(anonymous_15)
FN:756,(anonymous_16)
FN:762,(anonymous_17)
FN:787,(anonymous_18)
FN:791,(anonymous_19)
FN:796,(anonymous_20)
FN:801,(anonymous_21)
FN:802,(anonymous_22)
FN:811,(anonymous_23)
FN:814,(anonymous_24)
FN:819,(anonymous_25)
FN:822,(anonymous_26)
FN:825,(anonymous_27)
FNF:28
FNH:0
FNDA:0,(anonymous_0)
FNDA:0,(anonymous_1)
FNDA:0,(anonymous_2)
FNDA:0,(anonymous_3)
FNDA:0,(anonymous_4)
FNDA:0,(anonymous_5)
FNDA:0,(anonymous_6)
FNDA:0,(anonymous_7)
FNDA:0,(anonymous_8)
FNDA:0,(anonymous_9)
FNDA:0,(anonymous_10)
FNDA:0,(anonymous_11)
FNDA:0,(anonymous_12)
FNDA:0,(anonymous_13)
FNDA:0,(anonymous_14)
FNDA:0,(anonymous_15)
FNDA:0,(anonymous_16)
FNDA:0,(anonymous_17)
FNDA:0,(anonymous_18)
FNDA:0,(anonymous_19)
FNDA:0,(anonymous_20)
FNDA:0,(anonymous_21)
FNDA:0,(anonymous_22)
FNDA:0,(anonymous_23)
FNDA:0,(anonymous_24)
FNDA:0,(anonymous_25)
FNDA:0,(anonymous_26)
FNDA:0,(anonymous_27)
DA:45,1
DA:46,1
DA:49,1
DA:50,0
DA:52,0
DA:53,0
DA:54,0
DA:93,0
DA:94,0
DA:95,0
DA:96,0
DA:98,0
DA:99,0
DA:100,0
DA:101,0
DA:102,0
DA:159,0
DA:161,0
DA:162,0
DA:163,0
DA:164,0
DA:166,0
DA:169,0
DA:171,0
DA:172,0
DA:176,0
DA:177,0
DA:180,0
DA:181,0
DA:182,0
DA:183,0
DA:185,0
DA:206,0
DA:208,0
DA:212,0
DA:214,0
DA:242,0
DA:289,0
DA:290,0
DA:299,0
DA:305,0
DA:306,0
DA:308,0
DA:309,0
DA:310,0
DA:311,0
DA:312,0
DA:313,0
DA:314,0
DA:319,0
DA:320,0
DA:321,0
DA:322,0
DA:323,0
DA:324,0
DA:326,0
DA:329,0
DA:330,0
DA:332,0
DA:333,0
DA:334,0
DA:335,0
DA:336,0
DA:337,0
DA:338,0
DA:343,0
DA:344,0
DA:345,0
DA:346,0
DA:347,0
DA:348,0
DA:350,0
DA:353,0
DA:354,0
DA:356,0
DA:357,0
DA:358,0
DA:359,0
DA:360,0
DA:361,0
DA:362,0
DA:366,0
DA:367,0
DA:368,0
DA:370,0
DA:377,0
DA:378,0
DA:379,0
DA:380,0
DA:381,0
DA:382,0
DA:384,0
DA:387,0
DA:388,0
DA:390,0
DA:391,0
DA:392,0
DA:393,0
DA:394,0
DA:398,0
DA:400,0
DA:402,0
DA:403,0
DA:405,0
DA:407,0
DA:410,0
DA:417,0
DA:418,0
DA:419,0
DA:420,0
DA:421,0
DA:422,0
DA:424,0
DA:429,0
DA:430,0
DA:431,0
DA:441,0
DA:452,0
DA:463,0
DA:474,0
DA:487,0
DA:490,0
DA:491,0
DA:492,0
DA:498,0
DA:508,0
DA:518,0
DA:528,0
DA:540,0
DA:543,0
DA:551,0
DA:596,0
DA:597,0
DA:599,0
DA:600,0
DA:602,0
DA:604,0
DA:605,0
DA:606,0
DA:611,0
DA:619,0
DA:627,0
DA:635,0
DA:642,0
DA:647,0
DA:649,0
DA:653,0
DA:659,0
DA:681,0
DA:683,0
DA:687,0
DA:694,0
DA:698,0
DA:699,0
DA:701,0
DA:703,0
DA:712,0
DA:713,0
DA:714,0
DA:715,0
DA:721,0
DA:722,0
DA:725,0
DA:726,0
DA:727,0
DA:728,0
DA:729,0
DA:732,0
DA:734,0
DA:735,0
DA:737,0
DA:738,0
DA:739,0
DA:740,0
DA:745,0
DA:746,0
DA:747,0
DA:749,0
DA:750,0
DA:752,0
DA:757,0
DA:763,0
DA:765,0
DA:767,0
DA:768,0
DA:776,0
DA:777,0
DA:785,0
DA:787,0
DA:788,0
DA:789,0
DA:790,0
DA:792,0
DA:797,0
DA:799,0
DA:801,0
DA:802,0
DA:803,0
DA:804,0
DA:809,0
DA:810,0
DA:812,0
DA:815,0
DA:820,0
DA:822,0
DA:823,0
DA:824,0
DA:826,0
LF:208
LH:3
BRDA:162,0,0,0
BRDA:162,0,1,0
BRDA:163,1,0,0
BRDA:163,1,1,0
BRDA:171,2,0,0
BRDA:171,2,1,0
BRDA:176,3,0,0
BRDA:176,3,1,0
BRDA:176,4,0,0
BRDA:176,4,1,0
BRDA:176,4,2,0
BRDA:181,5,0,0
BRDA:181,5,1,0
BRDA:182,6,0,0
BRDA:182,6,1,0
BRDA:319,7,0,0
BRDA:319,7,1,0
BRDA:321,8,0,0
BRDA:321,8,1,0
BRDA:323,9,0,0
BRDA:323,9,1,0
BRDA:343,10,0,0
BRDA:343,10,1,0
BRDA:345,11,0,0
BRDA:345,11,1,0
BRDA:347,12,0,0
BRDA:347,12,1,0
BRDA:366,13,0,0
BRDA:366,13,1,0
BRDA:377,14,0,0
BRDA:377,14,1,0
BRDA:379,15,0,0
BRDA:379,15,1,0
BRDA:381,16,0,0
BRDA:381,16,1,0
BRDA:400,17,0,0
BRDA:400,17,1,0
BRDA:402,18,0,0
BRDA:402,18,1,0
BRDA:417,19,0,0
BRDA:417,19,1,0
BRDA:419,20,0,0
BRDA:419,20,1,0
BRDA:421,21,0,0
BRDA:421,21,1,0
BRDA:599,22,0,0
BRDA:599,22,1,0
BRDA:701,23,0,0
BRDA:701,23,1,0
BRDA:721,24,0,0
BRDA:721,24,1,0
BRDA:725,25,0,0
BRDA:725,25,1,0
BRDA:745,26,0,0
BRDA:745,26,1,0
BRDA:776,27,0,0
BRDA:776,27,1,0
BRF:57
BRH:0
end_of_record
TN:
SF:/home/dakk/Repositories/MyRepos/Helperbit/frontend/app/components/dashboard/verify/providers/npo/memorandum/memorandum.ts
FN:35,(anonymous_0)
FN:19,(anonymous_1)
FN:84,(anonymous_2)
FN:87,(anonymous_3)
FN:90,(anonymous_4)
FNF:5
FNH:0
FNDA:0,(anonymous_0)
FNDA:0,(anonymous_1)
FNDA:0,(anonymous_2)
FNDA:0,(anonymous_3)
FNDA:0,(anonymous_4)
DA:16,1
DA:19,1
DA:20,0
DA:22,0
DA:23,0
DA:36,0
DA:37,0
DA:38,0
DA:42,0
DA:46,0
DA:48,0
DA:52,0
DA:58,0
DA:81,0
DA:85,0
DA:87,0
DA:88,0
DA:89,0
DA:91,0
LF:19
LH:2
BRF:0
BRH:0
end_of_record
TN:
SF:/home/dakk/Repositories/MyRepos/Helperbit/frontend/app/components/dashboard/verify/providers/npo/statute/statute.ts
FN:35,(anonymous_0)
FN:19,(anonymous_1)
FN:85,(anonymous_2)
FN:88,(anonymous_3)
FN:91,(anonymous_4)
FNF:5
FNH:0
FNDA:0,(anonymous_0)
FNDA:0,(anonymous_1)
FNDA:0,(anonymous_2)
FNDA:0,(anonymous_3)
FNDA:0,(anonymous_4)
DA:16,1
DA:19,1
DA:20,0
DA:22,0
DA:23,0
DA:36,0
DA:37,0
DA:38,0
DA:42,0
DA:46,0
DA:48,0
DA:52,0
DA:58,0
DA:82,0
DA:86,0
DA:88,0
DA:89,0
DA:90,0
DA:92,0
LF:19
LH:2
BRF:0
BRH:0
end_of_record
TN:
SF:/home/dakk/Repositories/MyRepos/Helperbit/frontend/app/components/dashboard/verify/providers/otc/otc.ts
FN:56,(anonymous_0)
FN:23,(anonymous_1)
FN:31,(anonymous_2)
FN:110,(anonymous_3)
FN:113,(anonymous_4)
FN:116,(anonymous_5)
FN:121,(anonymous_6)
FN:128,(anonymous_7)
FN:131,(anonymous_8)
FN:136,(anonymous_9)
FN:138,(anonymous_10)
FNF:11
FNH:0
FNDA:0,(anonymous_0)
FNDA:0,(anonymous_1)
FNDA:0,(anonymous_2)
FNDA:0,(anonymous_3)
FNDA:0,(anonymous_4)
FNDA:0,(anonymous_5)
FNDA:0,(anonymous_6)
FNDA:0,(anonymous_7)
FNDA:0,(anonymous_8)
FNDA:0,(anonymous_9)
FNDA:0,(anonymous_10)
DA:19,1
DA:20,1
DA:23,1
DA:24,0
DA:26,0
DA:27,0
DA:29,0
DA:30,0
DA:31,0
DA:33,0
DA:34,0
DA:57,0
DA:58,0
DA:59,0
DA:63,0
DA:67,0
DA:69,0
DA:76,0
DA:78,0
DA:85,0
DA:87,0
DA:93,0
DA:107,0
DA:111,0
DA:113,0
DA:114,0
DA:115,0
DA:117,0
DA:122,0
DA:124,0
DA:128,0
DA:129,0
DA:130,0
DA:132,0
DA:137,0
DA:138,0
DA:139,0
DA:141,0
LF:38
LH:3
BRDA:29,0,0,0
BRDA:29,0,1,0
BRDA:29,1,0,0
BRDA:29,1,1,0
BRDA:137,2,0,0
BRDA:137,2,1,0
BRDA:137,3,0,0
BRDA:137,3,1,0
BRF:8
BRH:0
end_of_record
TN:
SF:/home/dakk/Repositories/MyRepos/Helperbit/frontend/app/components/dashboard/verify/providers/residency/residency.ts
FN:35,(anonymous_0)
FN:19,(anonymous_1)
FN:83,(anonymous_2)
FN:86,(anonymous_3)
FN:89,(anonymous_4)
FNF:5
FNH:0
FNDA:0,(anonymous_0)
FNDA:0,(anonymous_1)
FNDA:0,(anonymous_2)
FNDA:0,(anonymous_3)
FNDA:0,(anonymous_4)
DA:16,1
DA:19,1
DA:20,0
DA:22,0
DA:23,0
DA:36,0
DA:37,0
DA:38,0
DA:42,0
DA:46,0
DA:48,0
DA:52,0
DA:58,0
DA:80,0
DA:84,0
DA:86,0
DA:87,0
DA:88,0
DA:90,0
LF:19
LH:2
BRF:0
BRH:0
end_of_record
TN:
SF:/home/dakk/Repositories/MyRepos/Helperbit/frontend/app/components/dashboard/widgets/goals-bar/goals-bar.ts
FN:45,(anonymous_0)
FN:50,(anonymous_1)
FN:54,(anonymous_2)
FN:59,(anonymous_3)
FN:64,(anonymous_4)
FN:65,(anonymous_5)
FN:66,(anonymous_6)
FNF:7
FNH:0
FNDA:0,(anonymous_0)
FNDA:0,(anonymous_1)
FNDA:0,(anonymous_2)
FNDA:0,(anonymous_3)
FNDA:0,(anonymous_4)
FNDA:0,(anonymous_5)
FNDA:0,(anonymous_6)
DA:38,1
DA:39,1
DA:46,0
DA:47,0
DA:51,0
DA:55,0
DA:56,0
DA:60,0
DA:61,0
DA:63,0
DA:64,0
DA:65,0
DA:66,0
LF:13
LH:2
BRDA:55,0,0,0
BRDA:55,0,1,0
BRDA:55,1,0,0
BRDA:55,1,1,0
BRDA:60,2,0,0
BRDA:60,2,1,0
BRDA:60,3,0,0
BRDA:60,3,1,0
BRF:8
BRH:0
end_of_record
TN:
SF:/home/dakk/Repositories/MyRepos/Helperbit/frontend/app/components/home/home.module.ts
FN:63,(anonymous_0)
FNF:1
FNH:0
FNDA:0,(anonymous_0)
DA:62,1
LF:1
LH:1
BRF:0
BRH:0
end_of_record
TN:
SF:/home/dakk/Repositories/MyRepos/Helperbit/frontend/app/components/home/error/error.ts
FN:15,(anonymous_0)
FN:20,(anonymous_1)
FN:25,(anonymous_2)
FNF:3
FNH:0
FNDA:0,(anonymous_0)
FNDA:0,(anonymous_1)
FNDA:0,(anonymous_2)
DA:11,1
DA:15,0
DA:16,0
DA:17,0
DA:21,0
DA:22,0
DA:26,0
DA:27,0
DA:28,0
DA:29,0
DA:31,0
LF:11
LH:1
BRDA:22,0,0,0
BRDA:22,0,1,0
BRDA:26,1,0,0
BRDA:26,1,1,0
BRDA:28,2,0,0
BRDA:28,2,1,0
BRF:6
BRH:0
end_of_record
TN:
SF:/home/dakk/Repositories/MyRepos/Helperbit/frontend/app/components/home/home/home.ts
FN:33,(anonymous_0)
FN:61,(anonymous_1)
FN:71,(anonymous_2)
FN:78,(anonymous_3)
FN:82,(anonymous_4)
FN:85,(anonymous_5)
FN:92,(anonymous_6)
FN:93,(anonymous_7)
FN:94,(anonymous_8)
FN:106,(anonymous_9)
FN:110,(anonymous_10)
FN:113,(anonymous_11)
FNF:12
FNH:0
FNDA:0,(anonymous_0)
FNDA:0,(anonymous_1)
FNDA:0,(anonymous_2)
FNDA:0,(anonymous_3)
FNDA:0,(anonymous_4)
FNDA:0,(anonymous_5)
FNDA:0,(anonymous_6)
FNDA:0,(anonymous_7)
FNDA:0,(anonymous_8)
FNDA:0,(anonymous_9)
FNDA:0,(anonymous_10)
FNDA:0,(anonymous_11)
DA:23,1
DA:34,0
DA:35,0
DA:36,0
DA:37,0
DA:38,0
DA:39,0
DA:40,0
DA:41,0
DA:43,0
DA:50,0
DA:51,0
DA:52,0
DA:53,0
DA:62,0
DA:64,0
DA:65,0
DA:67,0
DA:72,0
DA:79,0
DA:80,0
DA:82,0
DA:83,0
DA:86,0
DA:87,0
DA:92,0
DA:93,0
DA:94,0
DA:95,0
DA:96,0
DA:97,0
DA:98,0
DA:100,0
DA:101,0
DA:102,0
DA:106,0
DA:107,0
DA:110,0
DA:111,0
DA:113,0
DA:114,0
DA:115,0
DA:117,0
DA:130,0
LF:44
LH:1
BRDA:64,0,0,0
BRDA:64,0,1,0
BRDA:79,1,0,0
BRDA:79,1,1,0
BRDA:120,2,0,0
BRDA:120,2,1,0
BRF:6
BRH:0
end_of_record
TN:
SF:/home/dakk/Repositories/MyRepos/Helperbit/frontend/app/components/home/widgets/carousel/carousel.ts
FN:28,(anonymous_0)
FN:35,(anonymous_1)
FN:58,(anonymous_2)
FN:63,(anonymous_3)
FN:68,(anonymous_4)
FNF:5
FNH:0
FNDA:0,(anonymous_0)
FNDA:0,(anonymous_1)
FNDA:0,(anonymous_2)
FNDA:0,(anonymous_3)
FNDA:0,(anonymous_4)
DA:20,1
DA:21,1
DA:28,0
DA:29,0
DA:30,0
DA:31,0
DA:32,0
DA:36,0
DA:38,0
DA:39,0
DA:42,0
DA:43,0
DA:46,0
DA:47,0
DA:50,0
DA:51,0
DA:55,0
DA:59,0
DA:60,0
DA:64,0
DA:65,0
DA:69,0
DA:70,0
DA:72,0
LF:24
LH:2
BRDA:37,0,0,0
BRDA:37,0,1,0
BRDA:37,0,2,0
BRDA:37,0,3,0
BRDA:64,1,0,0
BRDA:64,1,1,0
BRDA:69,2,0,0
BRDA:69,2,1,0
BRDA:69,3,0,0
BRDA:69,3,1,0
BRF:10
BRH:0
end_of_record
TN:
SF:/home/dakk/Repositories/MyRepos/Helperbit/frontend/app/components/parts/loading-bar.ts
FN:12,(anonymous_0)
FN:13,(anonymous_1)
FNF:2
FNH:0
FNDA:0,(anonymous_0)
FNDA:0,(anonymous_1)
DA:9,1
DA:12,0
DA:13,0
DA:14,0
LF:4
LH:1
BRDA:14,0,0,0
BRDA:14,0,1,0
BRF:2
BRH:0
end_of_record
TN:
SF:/home/dakk/Repositories/MyRepos/Helperbit/frontend/app/components/parts/parts.module.ts
FN:69,(anonymous_0)
FNF:1
FNH:0
FNDA:0,(anonymous_0)
DA:68,1
LF:1
LH:1
BRF:0
BRH:0
end_of_record
TN:
SF:/home/dakk/Repositories/MyRepos/Helperbit/frontend/app/components/parts/footer/footer.ts
FN:20,(anonymous_0)
FN:32,(anonymous_1)
FN:34,(anonymous_2)
FN:39,(anonymous_3)
FN:57,(anonymous_4)
FNF:5
FNH:0
FNDA:0,(anonymous_0)
FNDA:0,(anonymous_1)
FNDA:0,(anonymous_2)
FNDA:0,(anonymous_3)
FNDA:0,(anonymous_4)
DA:15,1
DA:21,0
DA:22,0
DA:23,0
DA:24,0
DA:25,0
DA:26,0
DA:28,0
DA:29,0
DA:33,0
DA:34,0
DA:35,0
DA:36,0
DA:39,0
DA:40,0
DA:41,0
DA:43,0
DA:44,0
DA:45,0
DA:46,0
DA:47,0
DA:48,0
DA:49,0
DA:51,0
DA:58,0
LF:25
LH:1
BRDA:40,0,0,0
BRDA:40,0,1,0
BRDA:45,1,0,0
BRDA:45,1,1,0
BRDA:47,2,0,0
BRDA:47,2,1,0
BRDA:47,3,0,0
BRDA:47,3,1,0
BRDA:47,3,2,0
BRF:9
BRH:0
end_of_record
TN:
SF:/home/dakk/Repositories/MyRepos/Helperbit/frontend/app/components/parts/header/header.ts
FN:25,(anonymous_0)
FN:38,(anonymous_1)
FN:39,(anonymous_2)
FN:49,(anonymous_3)
FN:49,(anonymous_4)
FN:55,(anonymous_5)
FN:70,(anonymous_6)
FN:75,(anonymous_7)
FN:100,(anonymous_8)
FN:103,(anonymous_9)
FN:107,(anonymous_10)
FN:119,(anonymous_11)
FN:128,(anonymous_12)
FNF:13
FNH:0
FNDA:0,(anonymous_0)
FNDA:0,(anonymous_1)
FNDA:0,(anonymous_2)
FNDA:0,(anonymous_3)
FNDA:0,(anonymous_4)
FNDA:0,(anonymous_5)
FNDA:0,(anonymous_6)
FNDA:0,(anonymous_7)
FNDA:0,(anonymous_8)
FNDA:0,(anonymous_9)
FNDA:0,(anonymous_10)
FNDA:0,(anonymous_11)
FNDA:0,(anonymous_12)
DA:14,1
DA:15,0
DA:26,0
DA:27,0
DA:28,0
DA:29,0
DA:30,0
DA:31,0
DA:33,0
DA:34,0
DA:35,0
DA:39,0
DA:40,0
DA:41,0
DA:42,0
DA:43,0
DA:44,0
DA:45,0
DA:46,0
DA:48,0
DA:49,0
DA:51,0
DA:56,0
DA:57,0
DA:58,0
DA:59,0
DA:62,0
DA:63,0
DA:64,0
DA:65,0
DA:66,0
DA:68,0
DA:70,0
DA:71,0
DA:101,0
DA:103,0
DA:104,0
DA:107,0
DA:108,0
DA:110,0
DA:112,0
DA:113,0
DA:115,0
DA:116,0
DA:117,0
DA:119,0
DA:120,0
DA:121,0
DA:123,0
DA:128,0
DA:129,0
DA:130,0
DA:132,0
DA:133,0
DA:134,0
LF:55
LH:1
BRDA:48,0,0,0
BRDA:48,0,1,0
BRDA:56,1,0,0
BRDA:56,1,1,0
BRDA:66,2,0,0
BRDA:66,2,1,0
BRDA:108,3,0,0
BRDA:108,3,1,0
BRDA:112,4,0,0
BRDA:112,4,1,0
BRDA:117,5,0,0
BRDA:117,5,1,0
BRDA:120,6,0,0
BRDA:120,6,1,0
BRDA:129,7,0,0
BRDA:129,7,1,0
BRDA:129,8,0,0
BRDA:129,8,1,0
BRDA:133,9,0,0
BRDA:133,9,1,0
BRDA:133,10,0,0
BRDA:133,10,1,0
BRF:22
BRH:0
end_of_record
TN:
SF:/home/dakk/Repositories/MyRepos/Helperbit/frontend/app/components/parts/seofooter/seofooter.ts
FN:10,(anonymous_0)
FN:12,(anonymous_1)
FNF:2
FNH:2
FNDA:8,(anonymous_0)
FNDA:2,(anonymous_1)
DA:9,1
DA:10,8
DA:13,2
LF:3
LH:3
BRF:0
BRH:0
end_of_record
TN:
SF:/home/dakk/Repositories/MyRepos/Helperbit/frontend/app/components/parts/widgets/cookie-consent/cookie-consent.ts
FN:12,(anonymous_0)
FN:19,(anonymous_1)
FNF:2
FNH:2
FNDA:6,(anonymous_0)
FNDA:2,(anonymous_1)
DA:9,1
DA:13,6
DA:15,6
DA:16,6
DA:20,2
DA:21,2
LF:6
LH:6
BRDA:15,0,0,6
BRDA:15,0,1,0
BRF:2
BRH:1
end_of_record
TN:
SF:/home/dakk/Repositories/MyRepos/Helperbit/frontend/app/components/parts/widgets/feedback/feedback.ts
FN:11,openFeedbackModal
FN:17,(anonymous_1)
FN:17,(anonymous_2)
FN:43,(anonymous_3)
FN:36,(anonymous_4)
FN:97,(anonymous_5)
FN:108,(anonymous_6)
FN:110,(anonymous_7)
FN:139,(anonymous_8)
FNF:9
FNH:0
FNDA:0,openFeedbackModal
FNDA:0,(anonymous_1)
FNDA:0,(anonymous_2)
FNDA:0,(anonymous_3)
FNDA:0,(anonymous_4)
FNDA:0,(anonymous_5)
FNDA:0,(anonymous_6)
FNDA:0,(anonymous_7)
FNDA:0,(anonymous_8)
DA:12,0
DA:25,1
DA:36,1
DA:37,0
DA:39,0
DA:40,0
DA:44,0
DA:45,0
DA:48,0
DA:50,0
DA:54,0
DA:68,0
DA:89,0
DA:93,0
DA:98,0
DA:100,0
DA:108,0
DA:109,0
DA:111,0
DA:112,0
DA:140,0
LF:21
LH:2
BRF:0
BRH:0
end_of_record
TN:
SF:/home/dakk/Repositories/MyRepos/Helperbit/frontend/app/components/parts/widgets/notification-bar/notification-bar.ts
FN:16,(anonymous_0)
FN:24,(anonymous_1)
FN:28,(anonymous_2)
FN:38,(anonymous_3)
FN:41,(anonymous_4)
FN:47,(anonymous_5)
FN:48,(anonymous_6)
FN:53,(anonymous_7)
FN:58,(anonymous_8)
FNF:9
FNH:0
FNDA:0,(anonymous_0)
FNDA:0,(anonymous_1)
FNDA:0,(anonymous_2)
FNDA:0,(anonymous_3)
FNDA:0,(anonymous_4)
FNDA:0,(anonymous_5)
FNDA:0,(anonymous_6)
FNDA:0,(anonymous_7)
FNDA:0,(anonymous_8)
DA:11,1
DA:17,0
DA:18,0
DA:20,0
DA:21,0
DA:25,0
DA:26,0
DA:28,0
DA:29,0
DA:31,0
DA:33,0
DA:34,0
DA:39,0
DA:41,0
DA:42,0
DA:43,0
DA:48,0
DA:49,0
DA:50,0
DA:53,0
DA:54,0
DA:55,0
DA:58,0
DA:59,0
LF:24
LH:1
BRDA:25,0,0,0
BRDA:25,0,1,0
BRDA:33,1,0,0
BRDA:33,1,1,0
BRDA:39,2,0,0
BRDA:39,2,1,0
BRDA:49,3,0,0
BRDA:49,3,1,0
BRDA:54,4,0,0
BRDA:54,4,1,0
BRF:10
BRH:0
end_of_record
TN:
SF:/home/dakk/Repositories/MyRepos/Helperbit/frontend/app/components/parts/widgets/search-bar/search-bar.ts
FN:16,(anonymous_0)
FN:23,(anonymous_1)
FN:29,(anonymous_2)
FN:34,(anonymous_3)
FN:36,(anonymous_4)
FN:42,(anonymous_5)
FN:43,(anonymous_6)
FNF:7
FNH:5
FNDA:9,(anonymous_0)
FNDA:4,(anonymous_1)
FNDA:4,(anonymous_2)
FNDA:10,(anonymous_3)
FNDA:0,(anonymous_4)
FNDA:7,(anonymous_5)
FNDA:0,(anonymous_6)
DA:11,1
DA:12,9
DA:17,9
DA:18,9
DA:20,9
DA:24,4
DA:26,4
DA:27,0
DA:29,4
DA:30,4
DA:35,10
DA:36,0
DA:38,10
DA:39,10
DA:43,7
DA:44,0
DA:45,0
DA:47,0
LF:18
LH:13
BRDA:26,0,0,0
BRDA:26,0,1,4
BRDA:35,1,0,0
BRDA:35,1,1,10
BRDA:44,2,0,0
BRDA:44,2,1,0
BRF:6
BRH:2
end_of_record
TN:
SF:/home/dakk/Repositories/MyRepos/Helperbit/frontend/app/components/parts/widgets/subscribe/subscribe.ts
FN:8,openSubscribeModal
FN:14,(anonymous_1)
FN:14,(anonymous_2)
FN:25,(anonymous_3)
FN:44,(anonymous_4)
FN:46,(anonymous_5)
FN:51,(anonymous_6)
FNF:7
FNH:3
FNDA:2,openSubscribeModal
FNDA:1,(anonymous_1)
FNDA:0,(anonymous_2)
FNDA:1,(anonymous_3)
FNDA:0,(anonymous_4)
FNDA:0,(anonymous_5)
FNDA:0,(anonymous_6)
DA:9,2
DA:22,1
DA:26,1
DA:27,1
DA:29,1
DA:31,1
DA:33,1
DA:40,1
DA:45,0
DA:46,0
DA:47,0
DA:48,0
DA:52,0
DA:53,0
LF:14
LH:8
BRF:0
BRH:0
end_of_record
TN:
SF:/home/dakk/Repositories/MyRepos/Helperbit/frontend/app/components/policy/policy.ts
FN:15,openPolicyModal
FN:27,(anonymous_1)
FN:27,(anonymous_2)
FN:49,(anonymous_3)
FN:66,(anonymous_4)
FN:71,(anonymous_5)
FN:75,(anonymous_6)
FN:79,(anonymous_7)
FN:83,(anonymous_8)
FN:86,(anonymous_9)
FN:95,(anonymous_10)
FN:112,(anonymous_11)
FN:131,(anonymous_12)
FNF:13
FNH:0
FNDA:0,openPolicyModal
FNDA:0,(anonymous_1)
FNDA:0,(anonymous_2)
FNDA:0,(anonymous_3)
FNDA:0,(anonymous_4)
FNDA:0,(anonymous_5)
FNDA:0,(anonymous_6)
FNDA:0,(anonymous_7)
FNDA:0,(anonymous_8)
FNDA:0,(anonymous_9)
FNDA:0,(anonymous_10)
FNDA:0,(anonymous_11)
FNDA:0,(anonymous_12)
DA:16,0
DA:21,0
DA:22,0
DA:23,0
DA:24,0
DA:27,0
DA:29,0
DA:37,1
DA:38,1
DA:39,1
DA:40,1
DA:49,0
DA:57,0
DA:58,0
DA:59,0
DA:61,0
DA:62,0
DA:63,0
DA:67,0
DA:68,0
DA:72,0
DA:76,0
DA:80,0
DA:82,0
DA:83,0
DA:84,0
DA:85,0
DA:87,0
DA:91,0
DA:96,0
DA:98,0
DA:99,0
DA:100,0
DA:101,0
DA:103,0
DA:106,0
DA:107,0
DA:108,0
DA:109,0
DA:130,0
DA:131,0
DA:132,0
LF:42
LH:4
BRDA:21,0,0,0
BRDA:21,0,1,0
BRDA:22,1,0,0
BRDA:22,1,1,0
BRDA:23,2,0,0
BRDA:23,2,1,0
BRDA:24,3,0,0
BRDA:24,3,1,0
BRDA:67,4,0,0
BRDA:67,4,1,0
BRDA:67,5,0,0
BRDA:67,5,1,0
BRDA:76,6,0,0
BRDA:76,6,1,0
BRDA:76,6,2,0
BRDA:76,6,3,0
BRDA:80,7,0,0
BRDA:80,7,1,0
BRDA:85,8,0,0
BRDA:85,8,1,0
BRDA:87,9,0,0
BRDA:87,9,1,0
BRDA:91,10,0,0
BRDA:91,10,1,0
BRDA:98,11,0,0
BRDA:98,11,1,0
BRDA:100,12,0,0
BRDA:100,12,1,0
BRDA:106,13,0,0
BRDA:106,13,1,0
BRDA:106,14,0,0
BRDA:106,14,1,0
BRDA:108,15,0,0
BRDA:108,15,1,0
BRDA:108,16,0,0
BRDA:108,16,1,0
BRDA:130,17,0,0
BRDA:130,17,1,0
BRF:38
BRH:0
end_of_record
TN:
SF:/home/dakk/Repositories/MyRepos/Helperbit/frontend/app/lib/distribution.ts
FN:92,(anonymous_0)
FN:106,(anonymous_1)
FN:109,(anonymous_2)
FN:129,(anonymous_3)
FN:130,(anonymous_4)
FN:157,(anonymous_5)
FN:174,(anonymous_6)
FN:181,(anonymous_7)
FN:195,(anonymous_8)
FN:198,(anonymous_9)
FN:219,(anonymous_10)
FN:225,(anonymous_11)
FN:238,(anonymous_12)
FN:243,(anonymous_13)
FN:253,(anonymous_14)
FN:278,(anonymous_15)
FN:303,(anonymous_16)
FN:314,(anonymous_17)
FN:316,(anonymous_18)
FN:320,(anonymous_19)
FN:325,(anonymous_20)
FN:329,(anonymous_21)
FN:331,(anonymous_22)
FN:336,(anonymous_23)
FN:353,(anonymous_24)
FN:357,(anonymous_25)
FN:371,(anonymous_26)
FN:383,(anonymous_27)
FN:385,(anonymous_28)
FN:393,(anonymous_29)
FN:400,(anonymous_30)
FN:406,(anonymous_31)
FN:408,(anonymous_32)
FN:410,(anonymous_33)
FN:412,(anonymous_34)
FN:418,(anonymous_35)
FN:421,(anonymous_36)
FN:428,(anonymous_37)
FN:435,(anonymous_38)
FN:440,(anonymous_39)
FN:444,(anonymous_40)
FN:445,(anonymous_41)
FN:446,(anonymous_42)
FN:448,(anonymous_43)
FNF:44
FNH:9
FNDA:1,(anonymous_0)
FNDA:0,(anonymous_1)
FNDA:10,(anonymous_2)
FNDA:0,(anonymous_3)
FNDA:0,(anonymous_4)
FNDA:0,(anonymous_5)
FNDA:10,(anonymous_6)
FNDA:0,(anonymous_7)
FNDA:0,(anonymous_8)
FNDA:0,(anonymous_9)
FNDA:0,(anonymous_10)
FNDA:0,(anonymous_11)
FNDA:1,(anonymous_12)
FNDA:10,(anonymous_13)
FNDA:10,(anonymous_14)
FNDA:0,(anonymous_15)
FNDA:0,(anonymous_16)
FNDA:1,(anonymous_17)
FNDA:10,(anonymous_18)
FNDA:0,(anonymous_19)
FNDA:0,(anonymous_20)
FNDA:0,(anonymous_21)
FNDA:0,(anonymous_22)
FNDA:0,(anonymous_23)
FNDA:0,(anonymous_24)
FNDA:0,(anonymous_25)
FNDA:0,(anonymous_26)
FNDA:0,(anonymous_27)
FNDA:0,(anonymous_28)
FNDA:0,(anonymous_29)
FNDA:0,(anonymous_30)
FNDA:0,(anonymous_31)
FNDA:0,(anonymous_32)
FNDA:0,(anonymous_33)
FNDA:0,(anonymous_34)
FNDA:0,(anonymous_35)
FNDA:0,(anonymous_36)
FNDA:0,(anonymous_37)
FNDA:1,(anonymous_38)
FNDA:0,(anonymous_39)
FNDA:0,(anonymous_40)
FNDA:0,(anonymous_41)
FNDA:0,(anonymous_42)
FNDA:0,(anonymous_43)
DA:92,1
DA:93,1
DA:94,1
DA:95,1
DA:96,1
DA:97,0
DA:99,1
DA:100,1
DA:102,1
DA:103,1
DA:106,1
DA:109,1
DA:111,10
DA:113,10
DA:127,10
DA:129,0
DA:130,0
DA:131,0
DA:141,0
DA:142,0
DA:146,10
DA:147,10
DA:151,1
DA:154,1
DA:159,0
DA:160,0
DA:163,0
DA:167,0
DA:168,0
DA:170,0
DA:175,10
DA:176,10
DA:180,0
DA:181,0
DA:182,0
DA:185,0
DA:189,0
DA:192,0
DA:193,0
DA:195,0
DA:198,0
DA:199,0
DA:203,0
DA:204,0
DA:205,0
DA:206,0
DA:207,0
DA:208,0
DA:210,0
DA:215,0
DA:216,0
DA:217,0
DA:218,0
DA:219,0
DA:223,0
DA:224,0
DA:225,0
DA:241,1
DA:242,1
DA:243,1
DA:244,10
DA:245,10
DA:249,1
DA:253,1
DA:254,10
DA:255,10
DA:256,0
DA:257,10
DA:262,1
DA:265,1
DA:266,1
DA:267,0
DA:271,1
DA:273,1
DA:276,0
DA:277,0
DA:278,0
DA:279,0
DA:280,0
DA:282,0
DA:283,0
DA:284,0
DA:286,0
DA:287,0
DA:291,0
DA:292,0
DA:293,0
DA:294,0
DA:295,0
DA:298,0
DA:301,0
DA:302,0
DA:303,0
DA:304,0
DA:305,0
DA:306,0
DA:307,0
DA:315,1
DA:316,10
DA:321,0
DA:322,0
DA:324,0
DA:325,0
DA:330,0
DA:331,0
DA:332,0
DA:333,0
DA:334,0
DA:336,0
DA:337,0
DA:338,0
DA:339,0
DA:340,0
DA:341,0
DA:343,0
DA:344,0
DA:345,0
DA:347,0
DA:354,0
DA:358,0
DA:359,0
DA:360,0
DA:361,0
DA:363,0
DA:366,0
DA:368,0
DA:371,0
DA:372,0
DA:373,0
DA:374,0
DA:375,0
DA:378,0
DA:384,0
DA:385,0
DA:386,0
DA:387,0
DA:389,0
DA:392,0
DA:393,0
DA:394,0
DA:395,0
DA:401,0
DA:403,0
DA:408,0
DA:409,0
DA:410,0
DA:412,0
DA:416,0
DA:417,0
DA:418,0
DA:419,0
DA:420,0
DA:421,0
DA:427,0
DA:428,0
DA:429,0
DA:430,0
DA:436,1
DA:441,0
DA:442,0
DA:443,0
DA:444,0
DA:445,0
DA:446,0
DA:449,0
DA:450,0
DA:451,0
DA:454,0
DA:457,0
DA:458,0
LF:170
LH:38
BRDA:95,0,0,1
BRDA:95,0,1,0
BRDA:96,1,0,0
BRDA:96,1,1,1
BRDA:111,2,0,3
BRDA:111,2,1,7
BRDA:119,3,0,10
BRDA:119,3,1,10
BRDA:121,4,0,1
BRDA:121,4,1,9
BRDA:121,5,0,10
BRDA:121,5,1,10
BRDA:127,6,0,0
BRDA:127,6,1,10
BRDA:132,7,0,0
BRDA:132,7,1,0
BRDA:136,8,0,0
BRDA:136,8,1,0
BRDA:138,9,0,0
BRDA:138,9,1,0
BRDA:159,10,0,0
BRDA:159,10,1,0
BRDA:159,11,0,0
BRDA:159,11,1,0
BRDA:160,12,0,0
BRDA:160,12,1,0
BRDA:160,13,0,0
BRDA:160,13,1,0
BRDA:167,14,0,0
BRDA:167,14,1,0
BRDA:167,15,0,0
BRDA:167,15,1,0
BRDA:176,16,0,10
BRDA:176,16,1,0
BRDA:176,17,0,10
BRDA:176,17,1,1
BRDA:180,18,0,0
BRDA:180,18,1,0
BRDA:193,19,0,0
BRDA:193,19,1,0
BRDA:193,20,0,0
BRDA:193,20,1,0
BRDA:203,21,0,0
BRDA:203,21,1,0
BRDA:205,22,0,0
BRDA:205,22,1,0
BRDA:216,23,0,0
BRDA:216,23,1,0
BRDA:238,24,0,0
BRDA:244,25,0,9
BRDA:244,25,1,1
BRDA:249,26,0,0
BRDA:249,26,1,1
BRDA:254,27,0,10
BRDA:254,27,1,10
BRDA:254,27,2,1
BRDA:255,28,0,0
BRDA:255,28,1,10
BRDA:265,29,0,1
BRDA:265,29,1,0
BRDA:266,30,0,0
BRDA:266,30,1,1
BRDA:266,31,0,1
BRDA:266,31,1,0
BRDA:279,32,0,0
BRDA:279,32,1,0
BRDA:282,33,0,0
BRDA:282,33,1,0
BRDA:282,34,0,0
BRDA:282,34,1,0
BRDA:292,35,0,0
BRDA:292,35,1,0
BRDA:293,36,0,0
BRDA:293,36,1,0
BRDA:293,37,0,0
BRDA:293,37,1,0
BRDA:298,38,0,0
BRDA:298,38,1,0
BRDA:305,39,0,0
BRDA:305,39,1,0
BRDA:314,40,0,1
BRDA:321,41,0,0
BRDA:321,41,1,0
BRDA:333,42,0,0
BRDA:333,42,1,0
BRDA:337,43,0,0
BRDA:337,43,1,0
BRDA:343,44,0,0
BRDA:343,44,1,0
BRDA:357,45,0,0
BRDA:359,46,0,0
BRDA:359,46,1,0
BRDA:360,47,0,0
BRDA:360,47,1,0
BRDA:360,48,0,0
BRDA:360,48,1,0
BRDA:360,48,2,0
BRDA:361,49,0,0
BRDA:361,49,1,0
BRDA:366,50,0,0
BRDA:366,50,1,0
BRDA:372,51,0,0
BRDA:372,51,1,0
BRDA:386,52,0,0
BRDA:386,52,1,0
BRDA:386,53,0,0
BRDA:386,53,1,0
BRDA:392,54,0,0
BRDA:392,54,1,0
BRDA:406,55,0,0
BRDA:409,56,0,0
BRDA:409,56,1,0
BRDA:409,57,0,0
BRDA:409,57,1,0
BRDA:416,58,0,0
BRDA:416,58,1,0
BRDA:420,59,0,0
BRDA:420,59,1,0
BRDA:420,60,0,0
BRDA:420,60,1,0
BRDA:420,60,2,0
BRDA:450,61,0,0
BRDA:450,61,1,0
BRF:123
BRH:25
end_of_record
TN:
SF:/home/dakk/Repositories/MyRepos/Helperbit/frontend/app/models/auth.ts
FN:59,(anonymous_0)
FN:61,(anonymous_1)
FN:65,(anonymous_2)
FN:69,(anonymous_3)
FN:73,(anonymous_4)
FN:77,(anonymous_5)
FN:82,(anonymous_6)
FN:86,(anonymous_7)
FN:90,(anonymous_8)
FN:94,(anonymous_9)
FNF:10
FNH:0
FNDA:0,(anonymous_0)
FNDA:0,(anonymous_1)
FNDA:0,(anonymous_2)
FNDA:0,(anonymous_3)
FNDA:0,(anonymous_4)
FNDA:0,(anonymous_5)
FNDA:0,(anonymous_6)
FNDA:0,(anonymous_7)
FNDA:0,(anonymous_8)
FNDA:0,(anonymous_9)
DA:56,1
DA:57,0
DA:59,0
DA:62,0
DA:66,0
DA:70,0
DA:74,0
DA:78,0
DA:83,0
DA:87,0
DA:91,0
DA:95,0
LF:12
LH:1
BRF:0
BRH:0
end_of_record
TN:
SF:/home/dakk/Repositories/MyRepos/Helperbit/frontend/app/models/common.ts
FN:98,transformChartData
FN:160,unwrap
FN:161,(anonymous_2)
FN:163,unwrapPaginated
FN:164,(anonymous_4)
FNF:5
FNH:2
FNDA:0,transformChartData
FNDA:1,unwrap
FNDA:1,(anonymous_2)
FNDA:0,unwrapPaginated
FNDA:0,(anonymous_4)
DA:99,0
DA:105,0
DA:108,0
DA:109,0
DA:111,0
DA:116,0
DA:117,0
DA:122,0
DA:123,0
DA:127,0
DA:128,0
DA:129,0
DA:131,0
DA:132,0
DA:133,0
DA:134,0
DA:136,0
DA:139,0
DA:148,0
DA:153,0
DA:154,0
DA:156,0
DA:161,1
DA:164,0
LF:24
LH:1
BRDA:108,0,0,0
BRDA:108,0,1,0
BRDA:122,1,0,0
BRDA:122,1,1,0
BRDA:127,2,0,0
BRDA:127,2,1,0
BRDA:132,3,0,0
BRDA:132,3,1,0
BRF:8
BRH:0
end_of_record
TN:
SF:/home/dakk/Repositories/MyRepos/Helperbit/frontend/app/models/dashboard.ts
FN:99,(anonymous_0)
FN:105,(anonymous_1)
FN:110,(anonymous_2)
FN:112,(anonymous_3)
FN:116,(anonymous_4)
FN:121,(anonymous_5)
FN:128,(anonymous_6)
FN:130,(anonymous_7)
FN:133,(anonymous_8)
FN:137,(anonymous_9)
FN:143,(anonymous_10)
FN:148,(anonymous_11)
FN:154,(anonymous_12)
FN:159,(anonymous_13)
FN:164,(anonymous_14)
FN:169,(anonymous_15)
FN:173,(anonymous_16)
FN:177,(anonymous_17)
FN:182,(anonymous_18)
FN:186,(anonymous_19)
FN:192,(anonymous_20)
FN:195,(anonymous_21)
FN:197,(anonymous_22)
FN:201,(anonymous_23)
FN:202,(anonymous_24)
FN:203,(anonymous_25)
FN:203,(anonymous_26)
FN:213,(anonymous_28)
FN:219,(anonymous_29)
FN:220,(anonymous_30)
FN:229,(anonymous_31)
FN:238,(anonymous_32)
FN:244,(anonymous_33)
FN:281,(anonymous_34)
FN:321,(anonymous_35)
FN:326,(anonymous_36)
FNF:36
FNH:4
FNDA:3,(anonymous_0)
FNDA:1,(anonymous_1)
FNDA:0,(anonymous_2)
FNDA:0,(anonymous_3)
FNDA:0,(anonymous_4)
FNDA:0,(anonymous_5)
FNDA:0,(anonymous_6)
FNDA:0,(anonymous_7)
FNDA:0,(anonymous_8)
FNDA:0,(anonymous_9)
FNDA:0,(anonymous_10)
FNDA:0,(anonymous_11)
FNDA:0,(anonymous_12)
FNDA:2,(anonymous_13)
FNDA:0,(anonymous_14)
FNDA:0,(anonymous_15)
FNDA:0,(anonymous_16)
FNDA:1,(anonymous_17)
FNDA:0,(anonymous_18)
FNDA:0,(anonymous_19)
FNDA:0,(anonymous_20)
FNDA:0,(anonymous_21)
FNDA:0,(anonymous_22)
FNDA:0,(anonymous_23)
FNDA:0,(anonymous_24)
FNDA:0,(anonymous_25)
FNDA:0,(anonymous_26)
FNDA:0,(anonymous_28)
FNDA:0,(anonymous_29)
FNDA:0,(anonymous_30)
FNDA:0,(anonymous_31)
FNDA:0,(anonymous_32)
FNDA:0,(anonymous_33)
FNDA:0,(anonymous_34)
FNDA:0,(anonymous_35)
FNDA:0,(anonymous_36)
DA:96,1
DA:97,3
DA:100,3
DA:101,3
DA:106,1
DA:111,0
DA:112,0
DA:117,0
DA:122,0
DA:129,0
DA:130,0
DA:134,0
DA:138,0
DA:139,0
DA:140,0
DA:144,0
DA:149,0
DA:150,0
DA:151,0
DA:155,0
DA:160,2
DA:165,0
DA:170,0
DA:174,0
DA:178,1
DA:183,0
DA:187,0
DA:188,0
DA:189,0
DA:191,0
DA:192,0
DA:196,0
DA:197,0
DA:202,0
DA:203,0
DA:214,0
DA:215,0
DA:217,0
DA:218,0
DA:219,0
DA:221,0
DA:222,0
DA:230,0
DA:239,0
DA:245,0
DA:246,0
DA:248,0
DA:249,0
DA:251,0
DA:278,0
DA:282,0
DA:283,0
DA:285,0
DA:286,0
DA:288,0
DA:313,0
DA:314,0
DA:315,0
DA:318,0
DA:322,0
DA:323,0
DA:325,0
DA:326,0
DA:327,0
DA:328,0
DA:329,0
DA:330,0
DA:332,0
LF:68
LH:7
BRDA:105,0,0,0
BRDA:121,1,0,0
BRDA:128,2,0,0
BRDA:177,3,0,1
BRDA:221,4,0,0
BRDA:221,4,1,0
BRDA:230,5,0,0
BRDA:230,5,1,0
BRDA:230,5,2,0
BRDA:230,5,3,0
BRDA:230,5,4,0
BRDA:230,5,5,0
BRDA:239,6,0,0
BRDA:239,6,1,0
BRDA:239,6,2,0
BRDA:244,7,0,0
BRDA:245,8,0,0
BRDA:245,8,1,0
BRDA:281,9,0,0
BRDA:282,10,0,0
BRDA:282,10,1,0
BRDA:313,11,0,0
BRDA:313,11,1,0
BRDA:322,12,0,0
BRDA:322,12,1,0
BRDA:327,13,0,0
BRDA:327,13,1,0
BRDA:329,14,0,0
BRDA:329,14,1,0
BRF:29
BRH:1
end_of_record
TN:
SF:/home/dakk/Repositories/MyRepos/Helperbit/frontend/app/models/donation.ts
FN:85,(anonymous_0)
FN:87,(anonymous_1)
FN:91,(anonymous_2)
FN:96,(anonymous_3)
FN:101,(anonymous_4)
FN:105,(anonymous_5)
FN:109,(anonymous_6)
FN:120,(anonymous_7)
FN:131,(anonymous_8)
FN:142,(anonymous_9)
FN:153,(anonymous_10)
FN:164,(anonymous_11)
FN:169,(anonymous_12)
FNF:13
FNH:1
FNDA:1,(anonymous_0)
FNDA:0,(anonymous_1)
FNDA:0,(anonymous_2)
FNDA:0,(anonymous_3)
FNDA:0,(anonymous_4)
FNDA:0,(anonymous_5)
FNDA:0,(anonymous_6)
FNDA:0,(anonymous_7)
FNDA:0,(anonymous_8)
FNDA:0,(anonymous_9)
FNDA:0,(anonymous_10)
FNDA:0,(anonymous_11)
FNDA:0,(anonymous_12)
DA:84,1
DA:85,1
DA:88,0
DA:92,0
DA:97,0
DA:102,0
DA:106,0
DA:110,0
DA:111,0
DA:115,0
DA:121,0
DA:122,0
DA:126,0
DA:132,0
DA:133,0
DA:137,0
DA:143,0
DA:144,0
DA:148,0
DA:154,0
DA:155,0
DA:159,0
DA:165,0
DA:170,0
LF:24
LH:2
BRDA:87,0,0,0
BRDA:109,1,0,0
BRDA:109,2,0,0
BRDA:110,3,0,0
BRDA:110,3,1,0
BRDA:120,4,0,0
BRDA:121,5,0,0
BRDA:121,5,1,0
BRDA:131,6,0,0
BRDA:132,7,0,0
BRDA:132,7,1,0
BRDA:142,8,0,0
BRDA:143,9,0,0
BRDA:143,9,1,0
BRDA:153,10,0,0
BRDA:154,11,0,0
BRDA:154,11,1,0
BRDA:170,12,0,0
BRDA:170,12,1,0
BRF:19
BRH:0
end_of_record
TN:
SF:/home/dakk/Repositories/MyRepos/Helperbit/frontend/app/models/event.ts
FN:101,(anonymous_0)
FN:105,(anonymous_1)
FN:109,(anonymous_2)
FN:113,(anonymous_3)
FN:118,(anonymous_4)
FN:123,(anonymous_5)
FN:127,(anonymous_6)
FN:131,(anonymous_7)
FN:135,(anonymous_8)
FNF:9
FNH:0
FNDA:0,(anonymous_0)
FNDA:0,(anonymous_1)
FNDA:0,(anonymous_2)
FNDA:0,(anonymous_3)
FNDA:0,(anonymous_4)
FNDA:0,(anonymous_5)
FNDA:0,(anonymous_6)
FNDA:0,(anonymous_7)
FNDA:0,(anonymous_8)
DA:100,1
DA:102,0
DA:103,0
DA:106,0
DA:110,0
DA:114,0
DA:119,0
DA:124,0
DA:128,0
DA:132,0
DA:136,0
LF:11
LH:1
BRDA:131,0,0,0
BRF:1
BRH:0
end_of_record
TN:
SF:/home/dakk/Repositories/MyRepos/Helperbit/frontend/app/models/models.module.ts
FN:45,(anonymous_0)
FNF:1
FNH:0
FNDA:0,(anonymous_0)
DA:44,1
LF:1
LH:1
BRF:0
BRH:0
end_of_record
TN:
SF:/home/dakk/Repositories/MyRepos/Helperbit/frontend/app/models/notifications.ts
FN:32,(anonymous_0)
FN:212,(anonymous_1)
FN:217,(anonymous_2)
FN:223,(anonymous_3)
FN:224,(anonymous_4)
FN:228,(anonymous_5)
FNF:6
FNH:1
FNDA:3,(anonymous_0)
FNDA:0,(anonymous_1)
FNDA:0,(anonymous_2)
FNDA:0,(anonymous_3)
FNDA:0,(anonymous_4)
FNDA:0,(anonymous_5)
DA:27,1
DA:28,3
DA:33,3
DA:34,3
DA:36,3
DA:213,0
DA:218,0
DA:224,0
DA:225,0
DA:226,0
DA:228,0
DA:229,0
DA:230,0
DA:231,0
DA:234,0
DA:235,0
DA:238,0
DA:239,0
DA:241,0
DA:242,0
DA:244,0
DA:248,0
LF:22
LH:5
BRDA:230,0,0,0
BRDA:230,0,1,0
BRDA:234,1,0,0
BRDA:234,1,1,0
BRDA:234,2,0,0
BRDA:234,2,1,0
BRDA:234,2,2,0
BRDA:238,3,0,0
BRDA:238,3,1,0
BRDA:241,4,0,0
BRDA:241,4,1,0
BRF:11
BRH:0
end_of_record
TN:
SF:/home/dakk/Repositories/MyRepos/Helperbit/frontend/app/models/project.ts
FN:78,(anonymous_0)
FN:85,(anonymous_1)
FN:91,(anonymous_2)
FN:95,(anonymous_3)
FN:100,(anonymous_4)
FN:104,(anonymous_5)
FN:109,(anonymous_6)
FN:114,(anonymous_7)
FN:119,(anonymous_8)
FN:123,(anonymous_9)
FN:129,(anonymous_10)
FN:133,(anonymous_11)
FN:137,(anonymous_12)
FN:141,(anonymous_13)
FN:146,(anonymous_14)
FN:150,(anonymous_15)
FN:156,(anonymous_16)
FN:160,(anonymous_17)
FN:164,(anonymous_18)
FNF:19
FNH:1
FNDA:1,(anonymous_0)
FNDA:0,(anonymous_1)
FNDA:0,(anonymous_2)
FNDA:0,(anonymous_3)
FNDA:0,(anonymous_4)
FNDA:0,(anonymous_5)
FNDA:0,(anonymous_6)
FNDA:0,(anonymous_7)
FNDA:0,(anonymous_8)
FNDA:0,(anonymous_9)
FNDA:0,(anonymous_10)
FNDA:0,(anonymous_11)
FNDA:0,(anonymous_12)
FNDA:0,(anonymous_13)
FNDA:0,(anonymous_14)
FNDA:0,(anonymous_15)
FNDA:0,(anonymous_16)
FNDA:0,(anonymous_17)
FNDA:0,(anonymous_18)
DA:77,1
DA:79,1
DA:80,1
DA:81,1
DA:82,1
DA:86,0
DA:92,0
DA:96,0
DA:101,0
DA:105,0
DA:110,0
DA:115,0
DA:120,0
DA:124,0
DA:125,0
DA:126,0
DA:130,0
DA:134,0
DA:138,0
DA:142,0
DA:147,0
DA:151,0
DA:152,0
DA:153,0
DA:157,0
DA:161,0
DA:172,0
DA:173,0
DA:174,0
DA:175,0
DA:177,0
LF:31
LH:5
BRDA:85,0,0,0
BRF:1
BRH:0
end_of_record
TN:
SF:/home/dakk/Repositories/MyRepos/Helperbit/frontend/app/models/proposednpo.ts
FN:28,(anonymous_0)
FN:30,(anonymous_1)
FN:35,(anonymous_2)
FN:39,(anonymous_3)
FNF:4
FNH:0
FNDA:0,(anonymous_0)
FNDA:0,(anonymous_1)
FNDA:0,(anonymous_2)
FNDA:0,(anonymous_3)
DA:27,1
DA:28,0
DA:31,0
DA:36,0
DA:40,0
LF:5
LH:1
BRF:0
BRH:0
end_of_record
TN:
SF:/home/dakk/Repositories/MyRepos/Helperbit/frontend/app/models/ror.ts
FN:50,(anonymous_0)
FN:52,(anonymous_1)
FN:59,(anonymous_2)
FN:63,(anonymous_3)
FN:67,(anonymous_4)
FN:72,(anonymous_5)
FN:77,(anonymous_6)
FNF:7
FNH:0
FNDA:0,(anonymous_0)
FNDA:0,(anonymous_1)
FNDA:0,(anonymous_2)
FNDA:0,(anonymous_3)
FNDA:0,(anonymous_4)
FNDA:0,(anonymous_5)
FNDA:0,(anonymous_6)
DA:49,1
DA:50,0
DA:53,0
DA:54,0
DA:55,0
DA:56,0
DA:60,0
DA:64,0
DA:68,0
DA:73,0
DA:78,0
LF:11
LH:1
BRDA:77,0,0,0
BRF:1
BRH:0
end_of_record
TN:
SF:/home/dakk/Repositories/MyRepos/Helperbit/frontend/app/models/stats.ts
FN:70,(anonymous_0)
FN:72,(anonymous_1)
FN:77,(anonymous_2)
FN:81,(anonymous_3)
FN:85,(anonymous_4)
FN:90,(anonymous_5)
FN:95,(anonymous_6)
FN:100,(anonymous_7)
FN:106,(anonymous_8)
FNF:9
FNH:2
FNDA:2,(anonymous_0)
FNDA:0,(anonymous_1)
FNDA:0,(anonymous_2)
FNDA:2,(anonymous_3)
FNDA:0,(anonymous_4)
FNDA:0,(anonymous_5)
FNDA:0,(anonymous_6)
FNDA:0,(anonymous_7)
FNDA:0,(anonymous_8)
DA:69,1
DA:70,2
DA:73,0
DA:78,0
DA:82,2
DA:86,0
DA:91,0
DA:96,0
DA:101,0
DA:107,0
LF:10
LH:3
BRDA:81,0,0,0
BRDA:82,1,0,2
BRDA:82,1,1,0
BRDA:90,2,0,0
BRDA:95,3,0,0
BRDA:107,4,0,0
BRDA:107,4,1,0
BRF:7
BRH:1
end_of_record
TN:
SF:/home/dakk/Repositories/MyRepos/Helperbit/frontend/app/models/user.ts
FN:65,(anonymous_0)
FN:69,(anonymous_1)
FN:71,(anonymous_2)
FN:74,(anonymous_3)
FN:78,(anonymous_4)
FN:83,(anonymous_5)
FN:89,(anonymous_6)
FN:95,(anonymous_7)
FN:100,(anonymous_8)
FN:104,(anonymous_9)
FN:107,(anonymous_10)
FN:110,(anonymous_11)
FN:120,(anonymous_13)
FN:126,(anonymous_14)
FN:127,(anonymous_15)
FN:136,(anonymous_16)
FN:140,(anonymous_17)
FN:144,(anonymous_18)
FN:148,(anonymous_19)
FN:152,(anonymous_20)
FN:156,(anonymous_21)
FN:160,(anonymous_22)
FNF:22
FNH:1
FNDA:1,(anonymous_0)
FNDA:0,(anonymous_1)
FNDA:0,(anonymous_2)
FNDA:0,(anonymous_3)
FNDA:0,(anonymous_4)
FNDA:0,(anonymous_5)
FNDA:0,(anonymous_6)
FNDA:0,(anonymous_7)
FNDA:0,(anonymous_8)
FNDA:0,(anonymous_9)
FNDA:0,(anonymous_10)
FNDA:0,(anonymous_11)
FNDA:0,(anonymous_13)
FNDA:0,(anonymous_14)
FNDA:0,(anonymous_15)
FNDA:0,(anonymous_16)
FNDA:0,(anonymous_17)
FNDA:0,(anonymous_18)
FNDA:0,(anonymous_19)
FNDA:0,(anonymous_20)
FNDA:0,(anonymous_21)
FNDA:0,(anonymous_22)
DA:64,1
DA:66,1
DA:67,1
DA:70,0
DA:71,0
DA:75,0
DA:79,0
DA:84,0
DA:90,0
DA:96,0
DA:101,0
DA:105,0
DA:107,0
DA:111,0
DA:121,0
DA:122,0
DA:124,0
DA:125,0
DA:126,0
DA:128,0
DA:129,0
DA:137,0
DA:141,0
DA:145,0
DA:149,0
DA:153,0
DA:157,0
DA:161,0
LF:28
LH:3
BRDA:128,0,0,0
BRDA:128,0,1,0
BRF:2
BRH:0
end_of_record
TN:
SF:/home/dakk/Repositories/MyRepos/Helperbit/frontend/app/models/wallet.ts
FN:206,(anonymous_0)
FN:208,(anonymous_1)
FN:217,(anonymous_2)
FN:226,(anonymous_3)
FN:230,(anonymous_4)
FN:235,(anonymous_5)
FN:244,(anonymous_6)
FN:252,(anonymous_7)
FN:261,(anonymous_8)
FN:265,(anonymous_9)
FN:270,(anonymous_10)
FN:274,(anonymous_11)
FN:280,(anonymous_12)
FN:286,(anonymous_13)
FN:291,(anonymous_14)
FN:295,(anonymous_15)
FN:299,(anonymous_16)
FN:303,(anonymous_17)
FN:307,(anonymous_18)
FN:311,(anonymous_19)
FN:315,(anonymous_20)
FN:319,(anonymous_21)
FN:324,(anonymous_22)
FN:329,(anonymous_23)
FN:334,(anonymous_24)
FN:338,(anonymous_25)
FN:342,(anonymous_26)
FN:349,(anonymous_27)
FNF:28
FNH:2
FNDA:3,(anonymous_0)
FNDA:0,(anonymous_1)
FNDA:0,(anonymous_2)
FNDA:0,(anonymous_3)
FNDA:0,(anonymous_4)
FNDA:0,(anonymous_5)
FNDA:0,(anonymous_6)
FNDA:0,(anonymous_7)
FNDA:0,(anonymous_8)
FNDA:0,(anonymous_9)
FNDA:0,(anonymous_10)
FNDA:0,(anonymous_11)
FNDA:0,(anonymous_12)
FNDA:2,(anonymous_13)
FNDA:0,(anonymous_14)
FNDA:0,(anonymous_15)
FNDA:0,(anonymous_16)
FNDA:0,(anonymous_17)
[...]
end_of_record
TN:
SF:/home/dakk/Repositories/MyRepos/Helperbit/frontend/app/shared/filters/text-limit.ts
FN:5,(anonymous_0)
FN:7,(anonymous_1)
FNF:2
FNH:2
FNDA:1,(anonymous_0)
FNDA:1,(anonymous_1)
DA:4,1
DA:8,1
DA:9,0
DA:10,1
DA:11,0
DA:13,1
DA:15,1
DA:16,0
DA:18,1
DA:19,1
DA:20,4
DA:22,1
DA:23,0
DA:25,1
LF:14
LH:10
BRDA:8,0,0,0
BRDA:8,0,1,1
BRDA:8,1,0,1
BRDA:8,1,1,1
BRDA:10,2,0,0
BRDA:10,2,1,1
BRDA:15,3,0,0
BRDA:15,3,1,1
BRDA:19,4,0,5
BRDA:19,4,1,4
BRDA:22,5,0,0
BRDA:22,5,1,1
BRDA:25,6,0,1
BRDA:25,6,1,0
BRF:14
BRH:9
end_of_record
TN:
SF:/home/dakk/Repositories/MyRepos/Helperbit/frontend/app/shared/filters/timediff.ts
FN:6,(anonymous_0)
FNF:1
FNH:1
FNDA:2,(anonymous_0)
DA:5,1
DA:7,2
LF:2
LH:2
BRF:0
BRH:0
end_of_record
TN:
SF:/home/dakk/Repositories/MyRepos/Helperbit/frontend/app/shared/filters/usertype.ts
FN:6,(anonymous_0)
FN:8,(anonymous_1)
FNF:2
FNH:2
FNDA:8,(anonymous_0)
FNDA:8,(anonymous_1)
DA:5,1
DA:6,8
DA:9,8
DA:10,6
DA:12,8
DA:13,5
DA:16,8
DA:17,0
DA:18,8
DA:19,0
DA:20,8
DA:21,0
DA:22,8
DA:23,0
DA:24,8
DA:25,0
DA:26,8
DA:27,0
DA:28,8
DA:29,0
DA:30,8
DA:31,5
DA:32,2
DA:34,3
DA:35,3
DA:36,2
DA:37,1
DA:38,0
LF:28
LH:20
BRDA:9,0,0,6
BRDA:9,0,1,2
BRDA:12,1,0,5
BRDA:12,1,1,3
BRDA:16,2,0,0
BRDA:16,2,1,8
BRDA:16,3,0,8
BRDA:16,3,1,5
BRDA:18,4,0,0
BRDA:18,4,1,8
BRDA:18,5,0,8
BRDA:18,5,1,5
BRDA:20,6,0,0
BRDA:20,6,1,8
BRDA:20,7,0,8
BRDA:20,7,1,5
BRDA:22,8,0,0
BRDA:22,8,1,8
BRDA:22,9,0,8
BRDA:22,9,1,5
BRDA:24,10,0,0
BRDA:24,10,1,8
BRDA:24,11,0,8
BRDA:24,11,1,5
BRDA:26,12,0,0
BRDA:26,12,1,8
BRDA:26,13,0,8
BRDA:26,13,1,5
BRDA:28,14,0,0
BRDA:28,14,1,8
BRDA:28,15,0,8
BRDA:28,15,1,5
BRDA:30,16,0,5
BRDA:30,16,1,3
BRDA:30,17,0,8
BRDA:30,17,1,5
BRDA:30,17,2,5
BRDA:31,18,0,2
BRDA:31,18,1,3
BRDA:35,19,0,2
BRDA:35,19,1,1
BRDA:37,20,0,0
BRDA:37,20,1,1
BRF:43
BRH:35
end_of_record
TN:
SF:/home/dakk/Repositories/MyRepos/Helperbit/frontend/app/shared/helpers/async.ts
FN:1,(anonymous_0)
FN:9,map
FN:21,set
FN:22,(anonymous_3)
FN:22,(anonymous_4)
FN:23,(anonymous_5)
FN:36,forEach
FNF:7
FNH:7
FNDA:1,(anonymous_0)
FNDA:2,map
FNDA:1,set
FNDA:3,(anonymous_3)
FNDA:3,(anonymous_4)
FNDA:3,(anonymous_5)
FNDA:1,forEach
DA:1,1
DA:9,1
DA:10,2
DA:21,1
DA:22,3
DA:23,3
DA:24,3
DA:25,3
DA:26,3
DA:36,1
DA:37,1
LF:11
LH:11
BRDA:1,0,0,1
BRDA:1,0,1,1
BRF:2
BRH:2
end_of_record
TN:
SF:/home/dakk/Repositories/MyRepos/Helperbit/frontend/app/shared/helpers/auth-guard.ts
FN:11,(anonymous_0)
FN:13,(anonymous_1)
FN:39,(anonymous_2)
FNF:3
FNH:0
FNDA:0,(anonymous_0)
FNDA:0,(anonymous_1)
FNDA:0,(anonymous_2)
DA:10,1
DA:11,0
DA:14,0
DA:15,0
DA:17,0
DA:21,0
DA:23,0
DA:26,0
DA:28,0
DA:30,0
DA:37,0
DA:38,0
DA:39,0
DA:40,0
DA:43,0
DA:44,0
DA:46,0
DA:50,0
LF:18
LH:1
BRDA:14,0,0,0
BRDA:14,0,1,0
BRDA:19,1,0,0
BRDA:19,1,1,0
BRDA:21,2,0,0
BRDA:21,2,1,0
BRDA:26,3,0,0
BRDA:26,3,1,0
BRDA:26,4,0,0
BRDA:26,4,1,0
BRDA:38,5,0,0
BRDA:38,5,1,0
BRDA:39,6,0,0
BRDA:39,6,1,0
BRDA:43,7,0,0
BRDA:43,7,1,0
BRDA:43,8,0,0
BRDA:43,8,1,0
BRF:18
BRH:0
end_of_record
TN:
SF:/home/dakk/Repositories/MyRepos/Helperbit/frontend/app/shared/helpers/mocks.ts
FN:16,(anonymous_0)
FN:19,(anonymous_1)
FN:20,(anonymous_2)
FN:21,(anonymous_3)
FN:25,(anonymous_4)
FN:28,(anonymous_5)
FN:51,(anonymous_6)
FN:52,(anonymous_7)
FN:53,(anonymous_8)
FN:55,(anonymous_9)
FN:76,(anonymous_10)
FN:88,(anonymous_11)
FN:97,(anonymous_12)
FN:101,(anonymous_13)
FN:105,(anonymous_14)
FN:109,(anonymous_15)
FN:115,(anonymous_16)
FN:119,(anonymous_17)
FN:124,(anonymous_18)
FN:129,(anonymous_19)
FN:131,(anonymous_20)
FN:137,(anonymous_21)
FN:150,(anonymous_22)
FN:151,(anonymous_23)
FN:152,(anonymous_24)
FN:153,(anonymous_25)
FN:154,(anonymous_26)
FN:156,(anonymous_27)
FN:157,(anonymous_28)
FN:158,(anonymous_29)
FN:159,(anonymous_30)
FN:167,(anonymous_31)
FN:175,(anonymous_32)
FN:180,(anonymous_33)
FN:187,(anonymous_34)
FN:194,(anonymous_35)
FN:203,(anonymous_36)
FN:219,(anonymous_37)
FN:224,(anonymous_38)
FNF:39
FNH:32
FNDA:5,(anonymous_0)
FNDA:1,(anonymous_1)
FNDA:0,(anonymous_2)
FNDA:2,(anonymous_3)
FNDA:5,(anonymous_4)
FNDA:3,(anonymous_5)
FNDA:1,(anonymous_6)
FNDA:1,(anonymous_7)
FNDA:1,(anonymous_8)
FNDA:3,(anonymous_9)
FNDA:1,(anonymous_10)
FNDA:8,(anonymous_11)
FNDA:0,(anonymous_12)
FNDA:0,(anonymous_13)
FNDA:0,(anonymous_14)
FNDA:0,(anonymous_15)
FNDA:42,(anonymous_16)
FNDA:4,(anonymous_17)
FNDA:735,(anonymous_18)
FNDA:0,(anonymous_19)
FNDA:0,(anonymous_20)
FNDA:20,(anonymous_21)
FNDA:2,(anonymous_22)
FNDA:17,(anonymous_23)
FNDA:2,(anonymous_24)
FNDA:12,(anonymous_25)
FNDA:4,(anonymous_26)
FNDA:2,(anonymous_27)
FNDA:3,(anonymous_28)
FNDA:18,(anonymous_29)
FNDA:16,(anonymous_30)
FNDA:22,(anonymous_31)
FNDA:4,(anonymous_32)
FNDA:4,(anonymous_33)
FNDA:5,(anonymous_34)
FNDA:3,(anonymous_35)
FNDA:11,(anonymous_36)
FNDA:3,(anonymous_37)
FNDA:7,(anonymous_38)
DA:12,1
DA:16,1
DA:17,5
DA:19,1
DA:20,0
DA:21,2
DA:25,1
DA:26,5
DA:29,3
DA:30,1
DA:32,2
DA:33,1
DA:36,1
DA:50,1
DA:52,1
DA:56,3
DA:58,1
DA:68,2
DA:75,1
DA:80,1
DA:89,8
DA:98,0
DA:102,0
DA:106,0
DA:110,0
DA:115,1
DA:116,42
DA:117,42
DA:120,4
DA:121,4
DA:124,735
DA:128,1
DA:130,0
DA:131,0
DA:137,1
DA:138,20
DA:139,20
DA:143,20
DA:144,20
DA:147,20
DA:150,2
DA:151,17
DA:152,2
DA:153,12
DA:154,4
DA:156,2
DA:157,3
DA:158,18
DA:160,16
DA:161,4
DA:162,12
DA:167,1
DA:168,22
DA:169,22
DA:170,22
DA:171,22
DA:173,22
DA:176,4
DA:177,4
DA:181,4
DA:182,0
DA:184,4
DA:188,5
DA:195,3
DA:196,0
DA:198,3
DA:203,1
DA:204,11
DA:206,11
DA:212,11
DA:220,3
DA:221,3
DA:225,7
LF:73
LH:64
BRDA:29,0,0,1
BRDA:29,0,1,2
BRDA:32,1,0,1
BRDA:32,1,1,1
BRDA:57,2,0,1
BRDA:57,2,1,2
BRDA:160,3,0,4
BRDA:160,3,1,12
BRDA:181,4,0,0
BRDA:181,4,1,4
BRDA:195,5,0,0
BRDA:195,5,1,3
BRF:12
BRH:10
end_of_record
TN:
SF:/home/dakk/Repositories/MyRepos/Helperbit/frontend/app/shared/helpers/ng-wizard-step.ts
FN:17,(anonymous_0)
FN:30,(anonymous_1)
FN:34,(anonymous_2)
FN:45,(anonymous_3)
FN:49,(anonymous_4)
FN:53,(anonymous_5)
FN:60,(anonymous_6)
FN:64,(anonymous_7)
FN:68,(anonymous_8)
FN:72,(anonymous_9)
FNF:10
FNH:0
FNDA:0,(anonymous_0)
FNDA:0,(anonymous_1)
FNDA:0,(anonymous_2)
FNDA:0,(anonymous_3)
FNDA:0,(anonymous_4)
FNDA:0,(anonymous_5)
FNDA:0,(anonymous_6)
FNDA:0,(anonymous_7)
FNDA:0,(anonymous_8)
FNDA:0,(anonymous_9)
DA:18,0
DA:20,0
DA:22,0
DA:31,0
DA:35,0
DA:36,0
DA:37,0
DA:38,0
DA:39,0
DA:40,0
DA:41,0
DA:42,0
DA:46,0
DA:50,0
DA:54,0
DA:55,0
DA:57,0
DA:61,0
DA:65,0
DA:69,0
DA:73,0
DA:74,0
DA:77,0
LF:23
LH:0
BRDA:17,0,0,0
BRDA:35,1,0,0
BRDA:35,1,1,0
BRDA:37,2,0,0
BRDA:37,2,1,0
BRDA:39,3,0,0
BRDA:39,3,1,0
BRDA:41,4,0,0
BRDA:41,4,1,0
BRDA:54,5,0,0
BRDA:54,5,1,0
BRF:11
BRH:0
end_of_record
TN:
SF:/home/dakk/Repositories/MyRepos/Helperbit/frontend/app/shared/helpers/on-translate-load.ts
FN:8,(anonymous_0)
FN:9,(anonymous_1)
FN:18,(anonymous_2)
FN:24,(anonymous_3)
FNF:4
FNH:2
FNDA:6,(anonymous_0)
FNDA:0,(anonymous_1)
FNDA:0,(anonymous_2)
FNDA:5,(anonymous_3)
DA:8,6
DA:9,6
DA:10,0
DA:17,6
DA:18,0
DA:19,0
DA:25,5
LF:7
LH:4
BRDA:8,0,0,6
BRDA:17,1,0,0
BRDA:17,1,1,6
BRF:3
BRH:2
end_of_record
TN:
SF:/home/dakk/Repositories/MyRepos/Helperbit/frontend/app/shared/helpers/utils.ts
FN:89,getMimeTypesFromExtensions
FN:92,(anonymous_1)
FN:102,numberToOrdinal
FN:141,incrementEffect
FN:145,(anonymous_4)
FN:157,(anonymous_5)
FN:158,(anonymous_6)
FN:166,(anonymous_7)
FN:174,getExplorerUrl
FN:184,getLocalStorage
FN:188,getSessionStorage
FN:192,getWindow
FN:198,triggerDigest
FN:199,(anonymous_13)
FN:209,interpolateString
FN:231,byteSize
FN:277,Moneysymbol
FN:289,getValueFormArrayByKeyName
FN:290,(anonymous_18)
FN:293,toCapitalize
FN:297,isEmpty
FN:302,isInArray
FN:310,getMediaUrl
FN:327,heightExpandAnimation
FN:335,getMaxRoundNumber
FN:377,roundNumber
FN:387,parseNumber
FN:402,objectToFormData
FN:403,(anonymous_28)
FN:408,timeDiff
FN:419,normalizeNumber
FN:446,getBase64
FN:447,(anonymous_32)
FN:450,(anonymous_33)
FN:451,(anonymous_34)
FN:455,HTMLToPlaintext
FN:466,formatUrl
FN:477,numberFormatter
FN:503,cropString
FN:510,newlineToBr
FNF:40
FNH:18
FNDA:1,getMimeTypesFromExtensions
FNDA:1,(anonymous_1)
FNDA:17,numberToOrdinal
FNDA:9,incrementEffect
FNDA:269,(anonymous_4)
FNDA:9,(anonymous_5)
FNDA:269,(anonymous_6)
FNDA:269,(anonymous_7)
FNDA:1,getExplorerUrl
FNDA:24,getLocalStorage
FNDA:0,getSessionStorage
FNDA:0,getWindow
FNDA:0,triggerDigest
FNDA:0,(anonymous_13)
FNDA:27,interpolateString
FNDA:0,byteSize
FNDA:0,Moneysymbol
FNDA:0,getValueFormArrayByKeyName
FNDA:0,(anonymous_18)
FNDA:0,toCapitalize
FNDA:35,isEmpty
FNDA:0,isInArray
FNDA:6,getMediaUrl
FNDA:0,heightExpandAnimation
FNDA:0,getMaxRoundNumber
FNDA:0,roundNumber
FNDA:0,parseNumber
FNDA:0,objectToFormData
FNDA:0,(anonymous_28)
FNDA:2,timeDiff
FNDA:0,normalizeNumber
FNDA:0,getBase64
FNDA:0,(anonymous_32)
FNDA:0,(anonymous_33)
FNDA:0,(anonymous_34)
FNDA:0,HTMLToPlaintext
FNDA:2,formatUrl
FNDA:19,numberFormatter
FNDA:3,cropString
FNDA:3,newlineToBr
DA:8,1
DA:90,1
DA:92,1
DA:93,1
DA:94,11
DA:95,1
DA:99,1
DA:117,17
DA:118,17
DA:120,17
DA:121,4
DA:127,17
DA:128,2
DA:129,2
DA:130,2
DA:134,11
DA:142,9
DA:143,9
DA:145,9
DA:146,269
DA:148,269
DA:149,269
DA:150,269
DA:151,6
DA:154,269
DA:157,9
DA:158,9
DA:159,269
DA:161,269
DA:162,8
DA:166,9
DA:167,269
DA:169,269
DA:175,1
DA:176,0
DA:179,1
DA:185,24
DA:189,0
DA:193,0
DA:199,0
DA:210,27
DA:212,27
DA:213,27
DA:214,105
DA:215,105
DA:216,78
DA:217,78
DA:218,78
DA:220,0
DA:221,78
DA:223,27
DA:227,27
DA:232,0
DA:233,0
DA:234,0
DA:235,0
DA:237,0
DA:239,0
DA:240,0
DA:241,0
DA:244,0
DA:245,0
DA:246,0
DA:249,0
DA:250,0
DA:251,0
DA:254,0
DA:255,0
DA:256,0
DA:260,0
DA:262,0
DA:263,0
DA:265,0
DA:266,0
DA:268,0
DA:271,0
DA:273,0
DA:278,0
DA:280,0
DA:281,0
DA:282,0
DA:283,0
DA:284,0
DA:290,0
DA:294,0
DA:298,35
DA:303,0
DA:304,0
DA:305,0
DA:306,0
DA:311,6
DA:313,6
DA:314,0
DA:316,6
DA:317,3
DA:318,3
DA:319,2
DA:321,1
DA:328,0
DA:329,0
DA:331,0
DA:336,0
DA:337,0
DA:341,0
DA:346,0
DA:348,0
DA:350,0
DA:353,0
DA:356,0
DA:357,0
DA:359,0
DA:365,0
DA:367,0
DA:369,0
DA:373,0
DA:378,0
DA:380,0
DA:381,0
DA:383,0
DA:388,0
DA:389,0
DA:391,0
DA:392,0
DA:393,0
DA:394,0
DA:395,0
DA:399,0
DA:403,0
DA:409,2
DA:410,2
DA:420,0
DA:422,0
DA:423,0
DA:425,0
DA:426,0
DA:427,0
DA:428,0
DA:429,0
DA:430,0
DA:432,0
DA:436,0
DA:437,0
DA:440,0
DA:442,0
DA:447,0
DA:448,0
DA:449,0
DA:450,0
DA:451,0
DA:456,0
DA:467,2
DA:469,2
DA:470,1
DA:472,1
DA:478,19
DA:480,19
DA:481,5
DA:483,19
DA:484,19
DA:486,19
DA:487,40
DA:488,40
DA:489,40
DA:492,19
DA:493,5
DA:495,14
DA:504,3
DA:505,2
DA:507,1
DA:511,3
DA:512,1
DA:515,2
LF:172
LH:79
BRDA:94,0,0,1
BRDA:94,0,1,10
BRDA:120,1,0,4
BRDA:120,1,1,13
BRDA:120,2,0,17
BRDA:120,2,1,7
BRDA:120,2,2,6
BRDA:128,3,0,2
BRDA:128,3,1,2
BRDA:128,3,2,2
BRDA:128,3,3,1
BRDA:128,3,4,3
BRDA:128,3,5,3
BRDA:128,3,6,11
BRDA:142,4,0,0
BRDA:142,4,1,9
BRDA:148,5,0,269
BRDA:148,5,1,0
BRDA:150,6,0,6
BRDA:150,6,1,263
BRDA:161,7,0,8
BRDA:161,7,1,261
BRDA:167,8,0,0
BRDA:167,8,1,269
BRDA:175,9,0,0
BRDA:175,9,1,1
BRDA:185,10,0,24
BRDA:185,10,1,0
BRDA:189,11,0,0
BRDA:189,11,1,0
BRDA:193,12,0,0
BRDA:193,12,1,0
BRDA:199,13,0,0
BRDA:199,13,1,0
BRDA:209,14,0,27
BRDA:215,15,0,78
BRDA:215,15,1,27
BRDA:217,16,0,78
BRDA:217,16,1,0
BRDA:231,17,0,0
BRDA:238,18,0,0
BRDA:238,18,1,0
BRDA:238,18,2,0
BRDA:238,18,3,0
BRDA:243,19,0,0
BRDA:243,19,1,0
BRDA:248,20,0,0
BRDA:248,20,1,0
BRDA:262,21,0,0
BRDA:262,21,1,0
BRDA:265,22,0,0
BRDA:265,22,1,0
BRDA:278,23,0,0
BRDA:278,23,1,0
BRDA:281,24,0,0
BRDA:281,24,1,0
BRDA:281,24,2,0
BRDA:281,24,3,0
BRDA:298,25,0,35
BRDA:298,25,1,35
BRDA:298,25,2,35
BRDA:298,25,3,35
BRDA:298,25,4,1
BRDA:298,25,5,35
BRDA:298,25,6,34
BRDA:298,25,7,12
BRDA:304,26,0,0
BRDA:304,26,1,0
BRDA:311,27,0,0
BRDA:311,27,1,6
BRDA:313,28,0,0
BRDA:313,28,1,6
BRDA:316,29,0,3
BRDA:316,29,1,3
BRDA:318,30,0,2
BRDA:318,30,1,1
BRDA:328,31,0,0
BRDA:328,31,1,0
BRDA:341,32,0,0
BRDA:341,32,1,0
BRDA:348,33,0,0
BRDA:348,33,1,0
BRDA:356,34,0,0
BRDA:356,34,1,0
BRDA:367,35,0,0
BRDA:367,35,1,0
BRDA:380,36,0,0
BRDA:380,36,1,0
BRDA:393,37,0,0
BRDA:393,37,1,0
BRDA:393,38,0,0
BRDA:393,38,1,0
BRDA:409,39,0,0
BRDA:409,39,1,2
BRDA:410,40,0,2
BRDA:410,40,1,2
BRDA:427,41,0,0
BRDA:427,41,1,0
BRDA:429,42,0,0
BRDA:429,42,1,0
BRDA:436,43,0,0
BRDA:436,43,1,0
BRDA:456,44,0,0
BRDA:456,44,1,0
BRDA:467,45,0,0
BRDA:467,45,1,2
BRDA:469,46,0,1
BRDA:469,46,1,1
BRDA:477,47,0,19
BRDA:480,48,0,5
BRDA:480,48,1,14
BRDA:489,49,0,5
BRDA:489,49,1,35
BRDA:489,50,0,40
BRDA:489,50,1,6
BRDA:492,51,0,5
BRDA:492,51,1,14
BRDA:504,52,0,2
BRDA:504,52,1,1
BRDA:511,53,0,1
BRDA:511,53,1,2
BRDA:511,54,0,3
BRDA:511,54,1,2
BRDA:511,54,2,2
BRF:124
BRH:63
end_of_record
TN:
SF:/home/dakk/Repositories/MyRepos/Helperbit/frontend/app/shared/ngx-formly/form-field-group.ts
FN:5,buildField
FN:27,(anonymous_1)
FN:35,(anonymous_2)
FN:39,(anonymous_3)
FN:44,(anonymous_4)
FN:48,(anonymous_5)
FN:52,(anonymous_6)
FN:56,(anonymous_7)
FN:70,(anonymous_8)
FN:74,(anonymous_9)
FNF:10
FNH:0
FNDA:0,buildField
FNDA:0,(anonymous_1)
FNDA:0,(anonymous_2)
FNDA:0,(anonymous_3)
FNDA:0,(anonymous_4)
FNDA:0,(anonymous_5)
FNDA:0,(anonymous_6)
FNDA:0,(anonymous_7)
FNDA:0,(anonymous_8)
FNDA:0,(anonymous_9)
DA:9,0
DA:27,0
DA:28,0
DA:36,0
DA:40,0
DA:41,0
DA:45,0
DA:49,0
DA:53,0
DA:57,0
DA:64,0
DA:65,0
DA:67,0
DA:71,0
DA:75,0
LF:15
LH:0
BRDA:5,0,0,0
BRDA:6,1,0,0
BRDA:6,2,0,0
BRDA:6,3,0,0
BRDA:7,4,0,0
BRDA:30,5,0,0
BRDA:30,5,1,0
BRDA:40,6,0,0
BRDA:40,6,1,0
BRDA:64,7,0,0
BRDA:64,7,1,0
BRF:11
BRH:0
end_of_record
TN:
SF:/home/dakk/Repositories/MyRepos/Helperbit/frontend/app/shared/ngx-formly/form-group-ex.ts
FN:15,(anonymous_0)
FN:27,(anonymous_1)
FN:31,(anonymous_2)
FN:40,(anonymous_3)
FN:45,(anonymous_4)
FN:50,(anonymous_5)
FN:56,(anonymous_6)
FN:60,(anonymous_7)
FN:64,(anonymous_8)
FN:72,(anonymous_9)
FN:81,(anonymous_10)
FN:85,(anonymous_11)
FN:91,(anonymous_12)
FNF:13
FNH:5
FNDA:7,(anonymous_0)
FNDA:0,(anonymous_1)
FNDA:0,(anonymous_2)
FNDA:2,(anonymous_3)
FNDA:3,(anonymous_4)
FNDA:18,(anonymous_5)
FNDA:0,(anonymous_6)
FNDA:0,(anonymous_7)
FNDA:0,(anonymous_8)
FNDA:0,(anonymous_9)
FNDA:0,(anonymous_10)
FNDA:0,(anonymous_11)
FNDA:2,(anonymous_12)
DA:20,7
DA:21,7
DA:22,7
DA:23,7
DA:28,0
DA:33,0
DA:34,0
DA:36,0
DA:41,2
DA:46,3
DA:51,18
DA:52,18
DA:53,18
DA:57,0
DA:59,0
DA:60,0
DA:64,0
DA:66,0
DA:67,0
DA:69,0
DA:74,0
DA:75,0
DA:77,0
DA:82,0
DA:86,0
DA:87,0
DA:88,0
DA:92,2
DA:93,0
LF:29
LH:10
BRDA:16,0,0,7
BRDA:33,1,0,0
BRDA:33,1,1,0
BRDA:51,2,0,18
BRDA:51,2,1,0
BRDA:59,3,0,0
BRDA:59,3,1,0
BRDA:66,4,0,0
BRDA:66,4,1,0
BRDA:74,5,0,0
BRDA:74,5,1,0
BRDA:87,6,0,0
BRDA:87,6,1,0
BRDA:92,7,0,0
BRDA:92,7,1,2
BRF:15
BRH:3
end_of_record
TN:
SF:/home/dakk/Repositories/MyRepos/Helperbit/frontend/app/shared/ngx-formly/fields/buttons-group/buttons-group.ts
FNF:0
FNH:0
DA:11,1
LF:1
LH:1
BRF:0
BRH:0
end_of_record
TN:
SF:/home/dakk/Repositories/MyRepos/Helperbit/frontend/app/shared/ngx-formly/fields/choose-elements/choose-elements.ts
FN:12,(anonymous_0)
FN:16,(anonymous_1)
FN:19,(anonymous_2)
FN:24,(anonymous_3)
FNF:4
FNH:0
FNDA:0,(anonymous_0)
FNDA:0,(anonymous_1)
FNDA:0,(anonymous_2)
FNDA:0,(anonymous_3)
DA:11,1
DA:12,0
DA:13,0
DA:17,0
DA:19,0
DA:20,0
DA:21,0
DA:22,0
DA:23,0
LF:9
LH:1
BRDA:22,0,0,0
BRDA:22,0,1,0
BRF:2
BRH:0
end_of_record
TN:
SF:/home/dakk/Repositories/MyRepos/Helperbit/frontend/app/shared/ngx-formly/fields/date-selector/date-selector.ts
FNF:0
FNH:0
DA:9,1
LF:1
LH:1
BRF:0
BRH:0
end_of_record
TN:
SF:/home/dakk/Repositories/MyRepos/Helperbit/frontend/app/shared/ngx-formly/fields/dropzone/dropzone.ts
FN:12,(anonymous_0)
FN:14,(anonymous_1)
FN:19,(anonymous_2)
FNF:3
FNH:0
FNDA:0,(anonymous_0)
FNDA:0,(anonymous_1)
FNDA:0,(anonymous_2)
DA:11,1
DA:12,0
DA:15,0
DA:16,0
DA:20,0
DA:21,0
LF:6
LH:1
BRDA:15,0,0,0
BRDA:15,0,1,0
BRDA:15,1,0,0
BRDA:15,1,1,0
BRDA:20,2,0,0
BRDA:20,2,1,0
BRDA:20,3,0,0
BRDA:20,3,1,0
BRF:8
BRH:0
end_of_record
TN:
SF:/home/dakk/Repositories/MyRepos/Helperbit/frontend/app/shared/ngx-formly/fields/field-group-label/field-group-label.ts
FNF:0
FNH:0
DA:9,1
LF:1
LH:1
BRF:0
BRH:0
end_of_record
TN:
SF:/home/dakk/Repositories/MyRepos/Helperbit/frontend/app/shared/ngx-formly/fields/field-label/field-label.ts
FNF:0
FNH:0
DA:9,1
LF:1
LH:1
BRF:0
BRH:0
end_of_record
TN:
SF:/home/dakk/Repositories/MyRepos/Helperbit/frontend/app/shared/ngx-formly/fields/multi-language-text/multi-language-text.ts
FN:12,(anonymous_0)
FN:14,(anonymous_1)
FNF:2
FNH:0
FNDA:0,(anonymous_0)
FNDA:0,(anonymous_1)
DA:11,1
DA:12,0
DA:15,0
DA:17,0
DA:18,0
DA:19,0
DA:20,0
DA:21,0
DA:24,0
LF:9
LH:1
BRDA:17,0,0,0
BRDA:17,0,1,0
BRDA:19,1,0,0
BRDA:19,1,1,0
BRDA:24,2,0,0
BRDA:24,2,1,0
BRDA:24,2,2,0
BRDA:24,2,3,0
BRDA:24,2,4,0
BRDA:24,2,5,0
BRF:10
BRH:0
end_of_record
TN:
SF:/home/dakk/Repositories/MyRepos/Helperbit/frontend/app/shared/ngx-formly/fields/number-decimal/number-decimal.ts
FN:13,(anonymous_0)
FN:19,(anonymous_1)
FN:20,(anonymous_2)
FNF:3
FNH:0
FNDA:0,(anonymous_0)
FNDA:0,(anonymous_1)
FNDA:0,(anonymous_2)
DA:10,1
DA:14,0
DA:16,0
DA:20,0
DA:21,0
DA:22,0
DA:23,0
DA:24,0
DA:25,0
DA:26,0
DA:30,0
DA:33,0
LF:12
LH:1
BRDA:22,0,0,0
BRDA:22,0,1,0
BRDA:22,1,0,0
BRDA:22,1,1,0
BRDA:24,2,0,0
BRDA:24,2,1,0
BRDA:30,3,0,0
BRDA:30,3,1,0
BRF:8
BRH:0
end_of_record
TN:
SF:/home/dakk/Repositories/MyRepos/Helperbit/frontend/app/shared/ngx-formly/fields/phone-number/phone-number.ts
FN:20,(anonymous_0)
FN:22,(anonymous_1)
FN:33,(anonymous_2)
FNF:3
FNH:0
FNDA:0,(anonymous_0)
FNDA:0,(anonymous_1)
FNDA:0,(anonymous_2)
DA:11,1
DA:20,0
DA:23,0
DA:24,0
DA:25,0
DA:26,0
DA:27,0
DA:30,0
DA:34,0
LF:9
LH:1
BRDA:24,0,0,0
BRDA:24,0,1,0
BRF:2
BRH:0
end_of_record
TN:
SF:/home/dakk/Repositories/MyRepos/Helperbit/frontend/app/shared/ngx-formly/fields/policy-consent/policy-consent.ts
FN:12,(anonymous_0)
FN:16,(anonymous_1)
FN:20,(anonymous_2)
FN:23,(anonymous_3)
FN:29,(anonymous_4)
FN:31,(anonymous_5)
FNF:6
FNH:0
FNDA:0,(anonymous_0)
FNDA:0,(anonymous_1)
FNDA:0,(anonymous_2)
FNDA:0,(anonymous_3)
FNDA:0,(anonymous_4)
FNDA:0,(anonymous_5)
DA:11,1
DA:12,0
DA:13,0
DA:17,0
DA:18,0
DA:20,0
DA:21,0
DA:22,0
DA:30,0
DA:31,0
LF:10
LH:1
BRF:0
BRH:0
end_of_record
TN:
SF:/home/dakk/Repositories/MyRepos/Helperbit/frontend/app/shared/ngx-formly/fields/recaptcha/recaptcha.ts
FN:14,(anonymous_0)
FN:16,(anonymous_1)
FN:30,(anonymous_2)
FN:32,(anonymous_3)
FNF:4
FNH:0
FNDA:0,(anonymous_0)
FNDA:0,(anonymous_1)
FNDA:0,(anonymous_2)
FNDA:0,(anonymous_3)
DA:11,1
DA:12,0
DA:14,0
DA:17,0
DA:18,0
DA:19,0
DA:21,0
DA:22,0
DA:26,0
DA:27,0
DA:31,0
DA:32,0
LF:12
LH:1
BRDA:17,0,0,0
BRDA:17,0,1,0
BRF:2
BRH:0
end_of_record
TN:
SF:/home/dakk/Repositories/MyRepos/Helperbit/frontend/app/shared/ngx-formly/fields/tags/tags.ts
FN:24,(anonymous_0)
FN:26,(anonymous_1)
FN:29,(anonymous_2)
FNF:3
FNH:0
FNDA:0,(anonymous_0)
FNDA:0,(anonymous_1)
FNDA:0,(anonymous_2)
DA:21,1
DA:24,0
DA:27,0
DA:29,0
LF:4
LH:1
BRF:0
BRH:0
end_of_record
TN:
SF:/home/dakk/Repositories/MyRepos/Helperbit/frontend/app/shared/ngx-formly/fields/tags-button/tags-buttons.ts
FN:13,(anonymous_0)
FN:15,(anonymous_1)
FN:16,(anonymous_2)
FN:29,(anonymous_3)
FNF:4
FNH:0
FNDA:0,(anonymous_0)
FNDA:0,(anonymous_1)
FNDA:0,(anonymous_2)
FNDA:0,(anonymous_3)
DA:12,1
DA:13,0
DA:16,0
DA:17,0
DA:23,0
DA:24,0
DA:25,0
DA:30,0
DA:31,0
LF:9
LH:1
BRDA:23,0,0,0
BRDA:23,0,1,0
BRDA:23,1,0,0
BRDA:23,1,1,0
BRDA:24,2,0,0
BRDA:24,2,1,0
BRDA:24,3,0,0
BRDA:24,3,1,0
BRDA:30,4,0,0
BRDA:30,4,1,0
BRDA:30,5,0,0
BRDA:30,5,1,0
BRF:12
BRH:0
end_of_record
TN:
SF:/home/dakk/Repositories/MyRepos/Helperbit/frontend/app/shared/ngx-formly/fields/toggle-switch/toggle-switch.ts
FNF:0
FNH:0
DA:9,1
LF:1
LH:1
BRF:0
BRH:0
end_of_record
TN:
SF:/home/dakk/Repositories/MyRepos/Helperbit/frontend/app/shared/ngx-formly/fields/url-youtube/url-youtube.ts
FN:11,(anonymous_0)
FN:13,(anonymous_1)
FN:14,(anonymous_2)
FN:17,(anonymous_3)
FNF:4
FNH:0
FNDA:0,(anonymous_0)
FNDA:0,(anonymous_1)
FNDA:0,(anonymous_2)
FNDA:0,(anonymous_3)
DA:10,1
DA:11,0
DA:14,0
DA:25,0
DA:27,0
DA:29,0
DA:30,0
DA:31,0
DA:32,0
DA:33,0
DA:34,0
DA:36,0
DA:38,0
DA:39,0
DA:40,0
DA:42,0
LF:16
LH:1
BRDA:25,0,0,0
BRDA:25,0,1,0
BRDA:29,1,0,0
BRDA:29,1,1,0
BRDA:31,2,0,0
BRDA:31,2,1,0
BRDA:33,3,0,0
BRDA:33,3,1,0
BRDA:36,4,0,0
BRDA:36,4,1,0
BRDA:39,5,0,0
BRDA:39,5,1,0
BRF:12
BRH:0
end_of_record
TN:
SF:/home/dakk/Repositories/MyRepos/Helperbit/frontend/app/shared/ngx-formly/wrapper/form-field.ts
FNF:0
FNH:0
DA:9,1
LF:1
LH:1
BRF:0
BRH:0
end_of_record
